TN:
SF:src/common/dtos/assignment.dto.js
FN:1,(anonymous_0)
FNF:1
FNH:1
FNDA:4,(anonymous_0)
DA:1,4
DA:18,2
LF:2
LH:2
BRF:0
BRH:0
end_of_record
TN:
SF:src/common/dtos/cage.dto.js
FN:1,(anonymous_0)
FNF:1
FNH:1
FNDA:7,(anonymous_0)
DA:1,7
DA:12,3
LF:2
LH:2
BRF:0
BRH:0
end_of_record
TN:
SF:src/common/dtos/cleaning.dto.js
FN:1,(anonymous_0)
FN:12,(anonymous_1)
FNF:2
FNH:1
FNDA:5,(anonymous_0)
FNDA:0,(anonymous_1)
DA:1,5
DA:12,0
DA:15,2
LF:3
LH:2
BRDA:4,0,0,5
BRDA:4,0,1,3
BRDA:5,1,0,5
BRDA:5,1,1,5
BRDA:5,2,0,2
BRDA:5,2,1,3
BRDA:5,3,0,2
BRDA:5,3,1,1
BRDA:6,4,0,2
BRDA:6,4,1,3
BRDA:12,5,0,5
BRDA:12,5,1,5
BRDA:12,6,0,0
BRDA:12,6,1,5
BRF:14
BRH:13
end_of_record
TN:
SF:src/common/dtos/deworming.dto.js
FN:1,(anonymous_0)
FN:14,(anonymous_1)
FNF:2
FNH:1
FNDA:5,(anonymous_0)
FNDA:0,(anonymous_1)
DA:1,5
DA:14,0
DA:28,2
LF:3
LH:2
BRDA:4,0,0,1
BRDA:4,0,1,4
BRDA:5,1,0,1
BRDA:5,1,1,4
BRDA:9,2,0,1
BRDA:9,2,1,4
BRDA:14,3,0,1
BRDA:14,3,1,0
BRDA:15,4,0,0
BRDA:15,4,1,0
BRDA:21,5,0,1
BRDA:21,5,1,4
BRF:12
BRH:9
end_of_record
TN:
SF:src/common/dtos/farmMember.dto.js
FN:1,(anonymous_0)
FNF:1
FNH:1
FNDA:8,(anonymous_0)
DA:1,8
DA:20,2
LF:2
LH:2
BRDA:9,0,0,1
BRDA:9,0,1,7
BRDA:13,1,0,1
BRDA:13,1,1,7
BRDA:16,2,0,8
BRDA:16,2,1,7
BRDA:17,3,0,8
BRDA:17,3,1,7
BRF:8
BRH:8
end_of_record
TN:
SF:src/common/dtos/feeding.dto.js
FN:1,(anonymous_0)
FN:19,(anonymous_1)
FNF:2
FNH:2
FNDA:5,(anonymous_0)
FNDA:1,(anonymous_1)
DA:1,5
DA:19,1
DA:23,2
LF:3
LH:3
BRDA:12,0,0,1
BRDA:12,0,1,4
BRDA:13,1,0,1
BRDA:13,1,1,4
BRDA:18,2,0,5
BRDA:18,2,1,4
BRDA:18,3,0,1
BRDA:18,3,1,3
BRF:8
BRH:8
end_of_record
TN:
SF:src/common/dtos/galpon.dto.js
FN:1,(anonymous_0)
FNF:1
FNH:1
FNDA:8,(anonymous_0)
DA:1,8
DA:15,2
LF:2
LH:2
BRF:0
BRH:0
end_of_record
TN:
SF:src/common/dtos/genealogy.dto.js
FN:1,(anonymous_0)
FNF:1
FNH:1
FNDA:7,(anonymous_0)
DA:1,7
DA:39,2
LF:2
LH:2
BRDA:7,0,0,7
BRDA:7,0,1,7
BRDA:8,1,0,1
BRDA:8,1,1,6
BRDA:16,2,0,1
BRDA:16,2,1,6
BRDA:24,3,0,1
BRDA:24,3,1,6
BRF:8
BRH:8
end_of_record
TN:
SF:src/common/dtos/invitation.dto.js
FN:1,(anonymous_0)
FNF:1
FNH:1
FNDA:6,(anonymous_0)
DA:1,6
DA:18,2
LF:2
LH:2
BRDA:9,0,0,2
BRDA:9,0,1,4
BRDA:13,1,0,1
BRDA:13,1,1,5
BRF:4
BRH:4
end_of_record
TN:
SF:src/common/dtos/mortality.dto.js
FN:1,(anonymous_0)
FNF:1
FNH:1
FNDA:4,(anonymous_0)
DA:1,2
DA:2,4
DA:3,4
DA:4,1
DA:5,1
DA:6,0
DA:7,0
DA:8,0
DA:9,0
DA:12,4
DA:33,2
LF:11
LH:7
BRDA:3,0,0,1
BRDA:3,0,1,3
BRDA:4,1,0,1
BRDA:4,1,1,0
BRDA:4,2,0,1
BRDA:4,2,1,1
BRDA:6,3,0,0
BRDA:6,3,1,0
BRDA:6,4,0,0
BRDA:6,4,1,0
BRDA:8,5,0,0
BRDA:8,5,1,0
BRDA:8,6,0,0
BRDA:8,6,1,0
BRDA:15,7,0,2
BRDA:15,7,1,2
BRDA:16,8,0,2
BRDA:16,8,1,2
BRDA:17,9,0,2
BRDA:17,9,1,2
BRDA:18,10,0,2
BRDA:18,10,1,2
BRDA:22,11,0,1
BRDA:22,11,1,3
BRDA:23,12,0,1
BRDA:23,12,1,3
BRF:26
BRH:17
end_of_record
TN:
SF:src/common/dtos/notification.dto.js
FN:1,(anonymous_0)
FNF:1
FNH:1
FNDA:6,(anonymous_0)
DA:1,6
DA:11,5
LF:2
LH:2
BRF:0
BRH:0
end_of_record
TN:
SF:src/common/dtos/profile.dto.js
FN:1,(anonymous_0)
FNF:1
FNH:1
FNDA:7,(anonymous_0)
DA:1,7
DA:12,2
LF:2
LH:2
BRF:0
BRH:0
end_of_record
TN:
SF:src/common/dtos/rabbit.dto.js
FN:1,(anonymous_0)
FNF:1
FNH:1
FNDA:10,(anonymous_0)
DA:1,10
DA:14,3
LF:2
LH:2
BRF:0
BRH:0
end_of_record
TN:
SF:src/common/dtos/race.dto.js
FN:1,(anonymous_0)
FNF:1
FNH:1
FNDA:5,(anonymous_0)
DA:1,2
DA:2,5
DA:10,5
DA:13,2
LF:4
LH:4
BRDA:1,0,0,4
BRF:1
BRH:1
end_of_record
TN:
SF:src/common/dtos/reproduction.dto.js
FN:1,(anonymous_0)
FN:14,(anonymous_1)
FN:76,(anonymous_2)
FNF:3
FNH:3
FNDA:4,(anonymous_0)
FNDA:10,(anonymous_1)
FNDA:3,(anonymous_2)
DA:1,4
DA:14,2
DA:15,10
DA:16,10
DA:17,10
DA:19,10
DA:21,10
DA:23,10
DA:24,0
DA:25,10
DA:26,1
DA:29,10
DA:30,10
DA:31,1
DA:38,10
DA:76,2
DA:77,3
DA:78,1
DA:83,2
DA:84,1
DA:92,1
DA:101,2
LF:22
LH:21
BRDA:15,0,0,10
BRDA:15,0,1,9
BRDA:16,1,0,10
BRDA:16,1,1,9
BRDA:17,2,0,10
BRDA:17,2,1,9
BRDA:23,3,0,0
BRDA:23,3,1,10
BRDA:23,4,0,10
BRDA:23,4,1,0
BRDA:25,5,0,1
BRDA:25,5,1,9
BRDA:26,6,0,1
BRDA:26,6,1,0
BRDA:26,6,2,0
BRDA:26,6,3,0
BRDA:30,7,0,1
BRDA:30,7,1,9
BRDA:41,8,0,10
BRDA:41,8,1,9
BRDA:42,9,0,10
BRDA:42,9,1,9
BRDA:43,10,0,10
BRDA:43,10,1,9
BRDA:44,11,0,10
BRDA:44,11,1,9
BRDA:45,12,0,10
BRDA:45,12,1,10
BRDA:48,13,0,10
BRDA:48,13,1,9
BRDA:50,14,0,10
BRDA:50,14,1,9
BRDA:51,15,0,10
BRDA:51,15,1,9
BRDA:52,16,0,10
BRDA:52,16,1,9
BRDA:53,17,0,10
BRDA:53,17,1,9
BRDA:54,18,0,10
BRDA:54,18,1,10
BRDA:55,19,0,10
BRDA:55,19,1,9
BRDA:56,20,0,10
BRDA:56,20,1,9
BRDA:57,21,0,10
BRDA:57,21,1,10
BRDA:59,22,0,10
BRDA:59,22,1,1
BRDA:67,23,0,10
BRDA:67,23,1,10
BRDA:68,24,0,10
BRDA:68,24,1,9
BRDA:69,25,0,10
BRDA:69,25,1,9
BRDA:77,26,0,1
BRDA:77,26,1,2
BRDA:80,27,0,1
BRDA:80,27,1,1
BRDA:83,28,0,1
BRDA:83,28,1,1
BRDA:85,29,0,1
BRDA:85,29,1,0
BRDA:85,30,0,1
BRDA:85,30,1,0
BRDA:86,31,0,1
BRDA:86,31,1,1
BRDA:86,32,0,1
BRDA:86,32,1,0
BRDA:87,33,0,1
BRDA:87,33,1,0
BRDA:87,34,0,1
BRDA:87,34,1,1
BRDA:89,35,0,1
BRDA:89,35,1,0
BRDA:89,36,0,1
BRDA:89,36,1,0
BRDA:93,37,0,1
BRDA:93,37,1,0
BRDA:93,38,0,1
BRDA:93,38,1,0
BRDA:94,39,0,1
BRDA:94,39,1,1
BRDA:94,40,0,1
BRDA:94,40,1,0
BRDA:95,41,0,1
BRDA:95,41,1,0
BRDA:95,42,0,1
BRDA:95,42,1,1
BRDA:96,43,0,1
BRDA:96,43,1,0
BRDA:96,44,0,1
BRDA:96,44,1,0
BRF:92
BRH:75
end_of_record
TN:
SF:src/common/dtos/vaccination.dto.js
FN:1,(anonymous_0)
FN:15,(anonymous_1)
FNF:2
FNH:1
FNDA:5,(anonymous_0)
FNDA:0,(anonymous_1)
DA:1,5
DA:15,0
DA:29,2
LF:3
LH:2
BRDA:4,0,0,1
BRDA:4,0,1,4
BRDA:5,1,0,1
BRDA:5,1,1,4
BRDA:6,2,0,5
BRDA:6,2,1,3
BRDA:10,3,0,1
BRDA:10,3,1,4
BRDA:15,4,0,1
BRDA:15,4,1,0
BRDA:16,5,0,0
BRDA:16,5,1,0
BRDA:22,6,0,1
BRDA:22,6,1,4
BRF:14
BRH:11
end_of_record
TN:
SF:src/common/helpers/names.helper.js
FN:27,getRandomElement
FN:36,generateRandomName
FNF:2
FNH:2
FNDA:18,getRandomElement
FNDA:8,generateRandomName
DA:7,2
DA:9,2
DA:14,2
DA:19,2
DA:23,2
DA:28,18
DA:38,8
DA:40,8
DA:41,8
DA:42,8
DA:48,8
DA:51,8
DA:54,2
LF:13
LH:13
BRDA:41,0,0,2
BRDA:41,0,1,6
BRDA:42,1,0,5
BRDA:42,1,1,3
BRF:4
BRH:4
end_of_record
TN:
SF:src/common/helpers/pagination.helper.js
FN:7,getPaginationParams
FN:26,formatPaginationResponse
FN:43,createPaginatedResponse
FNF:3
FNH:3
FNDA:17,getPaginationParams
FNDA:25,formatPaginationResponse
FNDA:21,createPaginatedResponse
DA:8,17
DA:9,17
DA:10,17
DA:12,17
DA:27,25
DA:44,21
DA:50,21
LF:7
LH:7
BRDA:7,0,0,1
BRDA:7,1,0,1
BRDA:8,2,0,17
BRDA:8,2,1,2
BRDA:9,3,0,17
BRDA:9,3,1,1
BRF:6
BRH:6
end_of_record
TN:
SF:src/common/helpers/repository.helper.js
FN:3,(anonymous_0)
FN:8,(anonymous_1)
FN:20,(anonymous_2)
FN:27,(anonymous_3)
FN:45,(anonymous_4)
FN:69,(anonymous_5)
FNF:6
FNH:6
FNDA:10,(anonymous_0)
FNDA:14,(anonymous_1)
FNDA:14,(anonymous_2)
FNDA:14,(anonymous_3)
FNDA:5,(anonymous_4)
FNDA:3,(anonymous_5)
DA:1,13
DA:3,13
DA:4,10
DA:5,10
DA:8,13
DA:9,14
DA:11,4
DA:12,2
DA:13,2
DA:14,1
DA:15,1
DA:16,1
DA:20,13
DA:21,14
DA:22,14
DA:23,4
DA:27,13
DA:28,14
DA:29,14
DA:30,14
DA:32,14
DA:33,14
DA:34,3
DA:37,14
DA:38,14
DA:39,3
DA:42,14
DA:45,13
DA:46,5
DA:47,5
DA:69,13
DA:70,3
DA:71,3
DA:79,13
LF:34
LH:34
BRDA:4,0,0,0
BRDA:4,0,1,10
BRDA:5,1,0,3
BRDA:5,1,1,7
BRDA:9,2,0,10
BRDA:9,2,1,4
BRDA:11,3,0,2
BRDA:11,3,1,2
BRDA:11,4,0,4
BRDA:11,4,1,3
BRDA:13,5,0,1
BRDA:13,5,1,1
BRDA:15,6,0,1
BRDA:15,6,1,0
BRDA:21,7,0,14
BRDA:21,7,1,11
BRDA:22,8,0,4
BRDA:22,8,1,10
BRDA:27,9,0,10
BRDA:33,10,0,3
BRDA:33,10,1,11
BRDA:38,11,0,3
BRDA:38,11,1,11
BRDA:51,12,0,1
BRDA:51,12,1,4
BRF:25
BRH:23
end_of_record
TN:
SF:src/common/middlewares/auth.middleware.js
FN:21,getFromCache
FN:29,setCache
FN:36,clearCache
FN:50,(anonymous_3)
FNF:4
FNH:4
FNDA:9,getFromCache
FNDA:6,setCache
FNDA:1,clearCache
FNDA:18,(anonymous_3)
DA:1,6
DA:2,6
DA:3,6
DA:9,6
DA:10,6
DA:13,6
DA:14,1
DA:18,6
DA:19,6
DA:22,9
DA:23,9
DA:24,2
DA:26,7
DA:30,6
DA:37,1
DA:50,6
DA:51,18
DA:52,18
DA:53,18
DA:54,3
DA:57,15
DA:58,3
DA:61,12
DA:66,12
DA:68,12
DA:69,3
DA:73,9
DA:76,9
DA:77,7
DA:78,7
DA:79,1
DA:81,6
DA:84,8
DA:85,8
DA:87,10
DA:91,6
LF:36
LH:36
BRDA:13,0,0,1
BRDA:13,0,1,5
BRDA:13,1,0,6
BRDA:13,1,1,2
BRDA:23,2,0,2
BRDA:23,2,1,7
BRDA:23,3,0,9
BRDA:23,3,1,3
BRDA:53,4,0,3
BRDA:53,4,1,15
BRDA:57,5,0,3
BRDA:57,5,1,12
BRDA:68,6,0,3
BRDA:68,6,1,9
BRDA:68,7,0,12
BRDA:68,7,1,10
BRDA:76,8,0,7
BRDA:76,8,1,2
BRDA:78,9,0,1
BRDA:78,9,1,6
BRF:20
BRH:20
end_of_record
TN:
SF:src/common/middlewares/authorization.middleware.js
FN:24,(anonymous_0)
FN:37,(anonymous_1)
FN:38,(anonymous_2)
FNF:3
FNH:3
FNDA:14,(anonymous_0)
FNDA:23,(anonymous_1)
FNDA:23,(anonymous_2)
DA:1,1
DA:2,1
DA:5,1
DA:23,1
DA:24,14
DA:28,1
DA:37,1
DA:38,23
DA:39,23
DA:40,23
DA:43,23
DA:45,3
DA:48,20
DA:49,2
DA:53,18
DA:61,18
DA:62,1
DA:66,17
DA:67,3
DA:73,14
DA:76,14
DA:77,14
DA:78,13
DA:87,14
DA:88,12
DA:98,14
DA:100,3
DA:107,3
DA:109,2
DA:113,12
DA:114,7
DA:120,7
DA:123,5
DA:125,10
DA:130,1
LF:35
LH:35
BRDA:43,0,0,3
BRDA:43,0,1,20
BRDA:48,1,0,2
BRDA:48,1,1,18
BRDA:61,2,0,1
BRDA:61,2,1,17
BRDA:66,3,0,3
BRDA:66,3,1,14
BRDA:77,4,0,13
BRDA:77,4,1,1
BRDA:87,5,0,12
BRDA:87,5,1,2
BRDA:98,6,0,3
BRDA:98,6,1,11
BRDA:98,7,0,14
BRDA:98,7,1,5
BRDA:98,7,2,4
BRDA:107,8,0,2
BRDA:107,8,1,1
BRDA:113,9,0,7
BRDA:113,9,1,5
BRF:21
BRH:21
end_of_record
TN:
SF:src/common/middlewares/catchAsync.js
FN:1,(anonymous_0)
FN:1,(anonymous_1)
FNF:2
FNH:2
FNDA:98,(anonymous_0)
FNDA:125,(anonymous_1)
DA:1,98
DA:2,125
DA:5,17
LF:3
LH:3
BRF:0
BRH:0
end_of_record
TN:
SF:src/common/middlewares/error.middleware.js
FN:3,(anonymous_0)
FN:7,(anonymous_1)
FN:11,(anonymous_2)
FN:19,(anonymous_3)
FNF:4
FNH:4
FNDA:2,(anonymous_0)
FNDA:2,(anonymous_1)
FNDA:2,(anonymous_2)
FNDA:8,(anonymous_3)
DA:1,1
DA:3,1
DA:4,2
DA:5,1
DA:7,2
DA:8,1
DA:11,1
DA:12,2
DA:13,1
DA:15,1
DA:16,1
DA:19,1
DA:20,8
DA:21,8
DA:23,8
DA:25,8
DA:26,8
DA:28,8
DA:29,1
DA:37,7
DA:38,6
DA:44,1
DA:45,1
DA:51,1
LF:24
LH:24
BRDA:4,0,0,1
BRDA:4,0,1,1
BRDA:4,1,0,2
BRDA:4,1,1,2
BRDA:12,2,0,1
BRDA:12,2,1,1
BRDA:12,3,0,2
BRDA:12,3,1,2
BRDA:20,4,0,8
BRDA:20,4,1,1
BRDA:21,5,0,8
BRDA:21,5,1,7
BRDA:25,6,0,2
BRDA:25,6,1,6
BRDA:26,7,0,2
BRDA:26,7,1,6
BRDA:28,8,0,1
BRDA:28,8,1,7
BRDA:29,9,0,1
BRDA:29,9,1,0
BRDA:37,10,0,6
BRDA:37,10,1,1
BRF:22
BRH:21
end_of_record
TN:
SF:src/common/middlewares/galponContext.js
FN:4,(anonymous_0)
FNF:1
FNH:1
FNDA:5,(anonymous_0)
DA:1,1
DA:2,1
DA:4,1
DA:5,5
DA:7,5
DA:8,1
DA:11,4
DA:12,3
DA:13,1
DA:16,2
DA:17,2
DA:18,2
DA:20,3
LF:13
LH:13
BRDA:7,0,0,1
BRDA:7,0,1,4
BRDA:12,1,0,1
BRDA:12,1,1,2
BRF:4
BRH:4
end_of_record
TN:
SF:src/common/middlewares/permission.middleware.js
FN:9,(anonymous_0)
FN:42,(anonymous_1)
FN:43,(anonymous_2)
FN:51,(anonymous_3)
FN:58,(anonymous_4)
FN:71,(anonymous_5)
FN:72,(anonymous_6)
FN:80,(anonymous_7)
FN:93,(anonymous_8)
FN:106,(anonymous_9)
FN:107,(anonymous_10)
FNF:11
FNH:11
FNDA:15,(anonymous_0)
FNDA:10,(anonymous_1)
FNDA:10,(anonymous_2)
FNDA:5,(anonymous_3)
FNDA:4,(anonymous_4)
FNDA:5,(anonymous_5)
FNDA:5,(anonymous_6)
FNDA:3,(anonymous_7)
FNDA:2,(anonymous_8)
FNDA:10,(anonymous_9)
FNDA:10,(anonymous_10)
DA:1,1
DA:2,1
DA:9,1
DA:10,15
DA:12,15
DA:13,15
DA:15,15
DA:16,2
DA:19,13
DA:21,13
DA:22,2
DA:25,11
DA:35,11
DA:36,1
DA:39,10
DA:42,1
DA:43,10
DA:44,10
DA:45,10
DA:47,7
DA:48,1
DA:51,6
DA:53,6
DA:54,3
DA:57,3
DA:58,4
DA:60,3
DA:62,6
DA:71,1
DA:72,5
DA:73,5
DA:74,5
DA:76,5
DA:77,1
DA:80,4
DA:82,4
DA:83,1
DA:86,3
DA:88,3
DA:89,1
DA:92,2
DA:93,2
DA:95,2
DA:97,2
DA:106,1
DA:107,10
DA:108,10
DA:109,1
DA:112,9
DA:113,9
DA:115,9
DA:116,4
DA:119,5
DA:123,1
LF:54
LH:54
BRDA:15,0,0,2
BRDA:15,0,1,13
BRDA:21,1,0,2
BRDA:21,1,1,11
BRDA:21,2,0,13
BRDA:21,2,1,13
BRDA:35,3,0,1
BRDA:35,3,1,10
BRDA:47,4,0,1
BRDA:47,4,1,6
BRDA:53,5,0,3
BRDA:53,5,1,3
BRDA:58,6,0,3
BRDA:58,6,1,1
BRDA:76,7,0,1
BRDA:76,7,1,4
BRDA:82,8,0,1
BRDA:82,8,1,3
BRDA:86,9,0,3
BRDA:86,9,1,2
BRDA:86,9,2,1
BRDA:86,9,3,1
BRDA:88,10,0,1
BRDA:88,10,1,2
BRDA:93,11,0,2
BRDA:93,11,1,0
BRDA:106,12,0,8
BRDA:108,13,0,1
BRDA:108,13,1,9
BRDA:112,14,0,9
BRDA:112,14,1,1
BRDA:113,15,0,9
BRDA:113,15,1,4
BRDA:115,16,0,4
BRDA:115,16,1,5
BRDA:115,17,0,9
BRDA:115,17,1,8
BRF:37
BRH:36
end_of_record
TN:
SF:src/common/middlewares/security.middleware.js
FN:30,(anonymous_0)
FN:31,(anonymous_1)
FN:40,(anonymous_2)
FNF:3
FNH:3
FNDA:22,(anonymous_0)
FNDA:15,(anonymous_1)
FNDA:66,(anonymous_2)
DA:1,1
DA:2,1
DA:4,1
DA:13,1
DA:30,1
DA:31,22
DA:32,15
DA:33,15
DA:40,22
DA:41,66
DA:42,62
DA:43,25
DA:44,23
DA:45,15
DA:50,22
DA:51,22
DA:52,22
DA:54,22
DA:57,1
LF:19
LH:19
BRDA:32,0,0,0
BRDA:32,0,1,15
BRDA:41,1,0,4
BRDA:41,1,1,62
BRDA:43,2,0,2
BRDA:43,2,1,23
BRDA:43,3,0,25
BRDA:43,3,1,25
BRDA:43,3,2,24
BRDA:44,4,0,15
BRDA:44,4,1,8
BRF:11
BRH:10
end_of_record
TN:
SF:src/common/middlewares/tenant.middleware.js
FN:6,(anonymous_0)
FNF:1
FNH:1
FNDA:4,(anonymous_0)
DA:6,1
DA:7,4
DA:9,4
DA:10,2
DA:12,4
DA:14,0
DA:18,1
LF:7
LH:6
BRDA:9,0,0,2
BRDA:9,0,1,2
BRF:2
BRH:2
end_of_record
TN:
SF:src/errors/AppError.js
FN:2,(anonymous_0)
FNF:1
FNH:1
FNDA:162,(anonymous_0)
DA:3,162
DA:4,162
DA:5,162
DA:6,162
DA:7,162
DA:11,45
LF:6
LH:6
BRDA:5,0,0,152
BRDA:5,0,1,10
BRF:2
BRH:2
end_of_record
TN:
SF:src/modules/assignment/assignment.controller.js
FN:7,(anonymous_0)
FN:18,(anonymous_1)
FN:24,(anonymous_2)
FN:29,(anonymous_3)
FN:35,(anonymous_4)
FN:41,(anonymous_5)
FNF:6
FNH:6
FNDA:1,(anonymous_0)
FNDA:1,(anonymous_1)
FNDA:1,(anonymous_2)
FNDA:1,(anonymous_3)
FNDA:1,(anonymous_4)
FNDA:1,(anonymous_5)
DA:1,1
DA:2,1
DA:3,1
DA:4,1
DA:5,1
DA:7,1
DA:8,1
DA:9,1
DA:10,1
DA:18,1
DA:19,1
DA:20,1
DA:21,1
DA:24,1
DA:25,1
DA:26,1
DA:29,1
DA:30,1
DA:31,1
DA:32,1
DA:35,1
DA:36,1
DA:37,1
DA:38,1
DA:41,1
DA:42,1
DA:43,1
LF:27
LH:27
BRDA:14,0,0,1
BRDA:14,0,1,0
BRF:2
BRH:1
end_of_record
TN:
SF:src/modules/assignment/assignment.repository.js
FN:4,(anonymous_0)
FN:8,(anonymous_1)
FN:12,(anonymous_2)
FN:16,(anonymous_3)
FN:20,(anonymous_4)
FN:24,(anonymous_5)
FN:28,(anonymous_6)
FN:32,(anonymous_7)
FN:42,(anonymous_8)
FN:46,(anonymous_9)
FN:50,(anonymous_10)
FN:54,(anonymous_11)
FNF:12
FNH:12
FNDA:1,(anonymous_0)
FNDA:1,(anonymous_1)
FNDA:1,(anonymous_2)
FNDA:1,(anonymous_3)
FNDA:1,(anonymous_4)
FNDA:1,(anonymous_5)
FNDA:1,(anonymous_6)
FNDA:1,(anonymous_7)
FNDA:1,(anonymous_8)
FNDA:1,(anonymous_9)
FNDA:1,(anonymous_10)
FNDA:1,(anonymous_11)
DA:1,5
DA:5,1
DA:9,1
DA:13,1
DA:17,1
DA:21,1
DA:25,1
DA:29,1
DA:33,1
DA:43,1
DA:47,1
DA:51,1
DA:55,1
DA:59,5
LF:14
LH:14
BRF:0
BRH:0
end_of_record
TN:
SF:src/modules/assignment/assignment.service.js
FN:7,(anonymous_0)
FN:12,(anonymous_1)
FN:19,(anonymous_2)
FN:20,(anonymous_3)
FN:25,(anonymous_4)
FN:26,(anonymous_5)
FN:31,(anonymous_6)
FN:37,(anonymous_7)
FN:52,(anonymous_8)
FN:70,(anonymous_9)
FN:97,(anonymous_10)
FN:118,(anonymous_11)
FN:128,(anonymous_12)
FN:132,(anonymous_13)
FN:138,(anonymous_14)
FN:161,(anonymous_15)
FN:164,(anonymous_16)
FN:165,(anonymous_17)
FN:168,(anonymous_18)
FN:171,(anonymous_19)
FN:196,(anonymous_20)
FNF:21
FNH:19
FNDA:6,(anonymous_0)
FNDA:1,(anonymous_1)
FNDA:7,(anonymous_2)
FNDA:4,(anonymous_3)
FNDA:3,(anonymous_4)
FNDA:5,(anonymous_5)
FNDA:3,(anonymous_6)
FNDA:3,(anonymous_7)
FNDA:2,(anonymous_8)
FNDA:6,(anonymous_9)
FNDA:0,(anonymous_10)
FNDA:1,(anonymous_11)
FNDA:0,(anonymous_12)
FNDA:1,(anonymous_13)
FNDA:1,(anonymous_14)
FNDA:1,(anonymous_15)
FNDA:1,(anonymous_16)
FNDA:2,(anonymous_17)
FNDA:1,(anonymous_18)
FNDA:1,(anonymous_19)
FNDA:2,(anonymous_20)
DA:1,2
DA:2,2
DA:3,2
DA:4,2
DA:8,6
DA:9,6
DA:11,6
DA:12,1
DA:13,1
DA:14,1
DA:18,5
DA:19,7
DA:20,4
DA:21,4
DA:22,1
DA:25,3
DA:26,5
DA:27,3
DA:28,1
DA:31,2
DA:32,3
DA:33,3
DA:34,3
DA:37,3
DA:38,2
DA:39,0
DA:42,2
DA:43,2
DA:44,2
DA:45,1
DA:49,2
DA:53,2
DA:54,2
DA:55,2
DA:56,2
DA:58,2
DA:59,0
DA:62,2
DA:63,2
DA:65,2
DA:67,2
DA:71,6
DA:73,6
DA:74,1
DA:77,5
DA:78,5
DA:80,4
DA:81,1
DA:84,3
DA:85,1
DA:88,2
DA:90,2
DA:91,2
DA:92,1
DA:96,1
DA:97,1
DA:98,1
DA:99,1
DA:100,0
DA:101,0
DA:104,1
DA:106,1
DA:107,1
DA:108,1
DA:109,1
DA:116,1
DA:118,1
DA:119,1
DA:120,1
DA:121,1
DA:125,1
DA:129,0
DA:133,1
DA:134,1
DA:135,1
DA:138,1
DA:139,1
DA:140,1
DA:142,1
DA:143,1
DA:157,0
DA:162,1
DA:163,1
DA:164,1
DA:165,2
DA:169,1
DA:170,1
DA:171,1
DA:173,1
DA:174,1
DA:176,1
DA:177,1
DA:178,1
DA:181,1
DA:182,1
DA:183,1
DA:184,1
DA:185,1
DA:187,1
DA:193,1
DA:197,2
DA:198,2
DA:199,1
DA:201,1
DA:202,1
DA:203,1
DA:204,1
DA:205,1
DA:206,1
DA:209,0
DA:214,2
LF:111
LH:104
BRDA:7,0,0,0
BRDA:11,1,0,1
BRDA:11,1,1,5
BRDA:13,2,0,1
BRDA:13,2,1,0
BRDA:18,3,0,4
BRDA:18,3,1,1
BRDA:21,4,0,1
BRDA:21,4,1,3
BRDA:21,5,0,4
BRDA:21,5,1,1
BRDA:27,6,0,1
BRDA:27,6,1,2
BRDA:27,7,0,3
BRDA:27,7,1,3
BRDA:38,8,0,0
BRDA:38,8,1,2
BRDA:44,9,0,1
BRDA:44,9,1,1
BRDA:56,10,0,0
BRDA:56,10,1,2
BRDA:58,11,0,0
BRDA:58,11,1,2
BRDA:63,12,0,0
BRDA:63,12,1,2
BRDA:73,13,0,1
BRDA:73,13,1,5
BRDA:73,14,0,6
BRDA:73,14,1,6
BRDA:78,15,0,1
BRDA:78,15,1,4
BRDA:80,16,0,1
BRDA:80,16,1,3
BRDA:84,17,0,1
BRDA:84,17,1,2
BRDA:91,18,0,1
BRDA:91,18,1,1
BRDA:101,19,0,0
BRDA:101,19,1,0
BRDA:119,20,0,1
BRDA:119,20,1,0
BRDA:120,21,0,1
BRDA:120,21,1,0
BRDA:142,22,0,1
BRDA:142,22,1,0
BRDA:178,23,0,1
BRDA:178,23,1,1
BRDA:182,24,0,1
BRDA:182,24,1,0
BRDA:184,25,0,0
BRDA:184,25,1,1
BRDA:185,26,0,1
BRDA:185,26,1,0
BRDA:198,27,0,1
BRDA:198,27,1,1
BRDA:203,28,0,1
BRDA:203,28,1,0
BRDA:205,29,0,1
BRDA:205,29,1,0
BRF:59
BRH:43
end_of_record
TN:
SF:src/modules/auth/auth.controller.js
FN:11,(anonymous_0)
FN:24,(anonymous_1)
FN:36,(anonymous_2)
FN:51,(anonymous_3)
FN:64,(anonymous_4)
FN:78,(anonymous_5)
FNF:6
FNH:6
FNDA:2,(anonymous_0)
FNDA:2,(anonymous_1)
FNDA:2,(anonymous_2)
FNDA:2,(anonymous_3)
FNDA:1,(anonymous_4)
FNDA:2,(anonymous_5)
DA:1,1
DA:2,1
DA:3,1
DA:11,1
DA:12,2
DA:13,1
DA:24,1
DA:25,2
DA:26,1
DA:36,1
DA:37,2
DA:38,2
DA:39,2
DA:51,1
DA:52,2
DA:53,2
DA:54,1
DA:56,1
DA:57,1
DA:64,1
DA:65,1
DA:66,1
DA:67,1
DA:78,1
DA:79,2
DA:80,2
DA:81,1
DA:83,1
DA:84,1
LF:29
LH:29
BRDA:37,0,0,2
BRDA:37,0,1,1
BRDA:53,1,0,1
BRDA:53,1,1,1
BRDA:80,2,0,1
BRDA:80,2,1,1
BRF:6
BRH:6
end_of_record
TN:
SF:src/modules/auth/auth.repository.js
FN:13,(anonymous_0)
FN:38,(anonymous_1)
FN:43,(anonymous_2)
FN:48,(anonymous_3)
FN:56,(anonymous_4)
FN:66,(anonymous_5)
FNF:6
FNH:6
FNDA:3,(anonymous_0)
FNDA:1,(anonymous_1)
FNDA:2,(anonymous_2)
FNDA:1,(anonymous_3)
FNDA:1,(anonymous_4)
FNDA:2,(anonymous_5)
DA:1,3
DA:14,3
DA:16,3
DA:19,2
DA:20,2
DA:22,2
DA:23,1
DA:28,1
DA:29,1
DA:30,1
DA:35,2
DA:38,1
DA:44,2
DA:49,1
DA:57,1
DA:58,1
DA:62,1
DA:67,2
DA:68,2
DA:69,1
DA:73,3
LF:21
LH:21
BRDA:16,0,0,1
BRDA:16,0,1,2
BRDA:22,1,0,1
BRDA:22,1,1,1
BRDA:28,2,0,1
BRDA:28,2,1,0
BRDA:30,3,0,1
BRDA:30,3,1,0
BRDA:68,4,0,1
BRDA:68,4,1,1
BRF:10
BRH:8
end_of_record
TN:
SF:src/modules/auth/auth.service.js
FN:22,(anonymous_0)
FN:50,(anonymous_1)
FN:59,(anonymous_2)
FN:69,(anonymous_3)
FN:85,(anonymous_4)
FN:112,(anonymous_5)
FN:150,(anonymous_6)
FN:155,(anonymous_7)
FN:163,(anonymous_8)
FN:172,(anonymous_9)
FN:270,(anonymous_10)
FNF:11
FNH:7
FNDA:4,(anonymous_0)
FNDA:2,(anonymous_1)
FNDA:2,(anonymous_2)
FNDA:4,(anonymous_3)
FNDA:4,(anonymous_4)
FNDA:2,(anonymous_5)
FNDA:1,(anonymous_6)
FNDA:0,(anonymous_7)
FNDA:0,(anonymous_8)
FNDA:0,(anonymous_9)
FNDA:0,(anonymous_10)
DA:1,2
DA:2,2
DA:3,2
DA:4,2
DA:5,2
DA:6,2
DA:23,4
DA:25,4
DA:26,2
DA:30,2
DA:31,2
DA:32,2
DA:33,1
DA:37,1
DA:44,1
DA:51,2
DA:52,2
DA:53,1
DA:60,2
DA:61,2
DA:62,1
DA:71,4
DA:72,2
DA:73,2
DA:74,1
DA:77,2
DA:78,2
DA:79,1
DA:86,4
DA:87,1
DA:90,3
DA:93,3
DA:94,3
DA:95,1
DA:98,2
DA:99,2
DA:101,1
DA:106,1
DA:114,2
DA:115,2
DA:118,2
DA:119,0
DA:121,2
DA:125,2
DA:126,1
DA:130,1
DA:131,1
DA:132,1
DA:135,1
DA:138,1
DA:143,1
DA:145,0
DA:146,0
DA:151,1
DA:155,1
DA:157,1
DA:158,1
DA:159,0
DA:163,0
DA:166,1
DA:167,1
DA:168,0
DA:172,0
DA:175,1
DA:176,0
DA:178,1
DA:179,0
DA:180,0
DA:181,0
DA:184,1
DA:194,1
DA:204,1
DA:205,0
DA:215,0
DA:224,0
DA:233,1
DA:234,0
DA:244,1
DA:245,0
DA:247,1
DA:248,0
DA:251,1
DA:261,1
DA:270,1
DA:272,1
DA:273,0
DA:274,0
DA:275,0
DA:278,1
DA:287,1
DA:288,1
DA:290,1
DA:291,0
DA:296,2
LF:94
LH:73
BRDA:25,0,0,2
BRDA:25,0,1,2
BRDA:25,1,0,4
BRDA:25,1,1,3
BRDA:30,2,0,2
BRDA:30,2,1,0
BRDA:32,3,0,1
BRDA:32,3,1,1
BRDA:32,4,0,2
BRDA:32,4,1,1
BRDA:40,5,0,1
BRDA:40,5,1,0
BRDA:41,6,0,1
BRDA:41,6,1,0
BRDA:52,7,0,1
BRDA:52,7,1,1
BRDA:61,8,0,1
BRDA:61,8,1,1
BRDA:71,9,0,2
BRDA:71,9,1,2
BRDA:73,10,0,1
BRDA:73,10,1,1
BRDA:78,11,0,1
BRDA:78,11,1,1
BRDA:86,12,0,1
BRDA:86,12,1,3
BRDA:86,13,0,4
BRDA:86,13,1,3
BRDA:94,14,0,1
BRDA:94,14,1,2
BRDA:94,15,0,3
BRDA:94,15,1,1
BRDA:99,16,0,1
BRDA:99,16,1,1
BRDA:115,17,0,0
BRDA:115,17,1,2
BRDA:118,18,0,0
BRDA:118,18,1,2
BRDA:125,19,0,1
BRDA:125,19,1,1
BRDA:158,20,0,0
BRDA:158,20,1,1
BRDA:167,21,0,0
BRDA:167,21,1,1
BRDA:175,22,0,0
BRDA:175,22,1,1
BRDA:178,23,0,0
BRDA:178,23,1,1
BRDA:188,24,0,0
BRDA:188,24,1,1
BRDA:198,25,0,0
BRDA:198,25,1,1
BRDA:204,26,0,0
BRDA:204,26,1,1
BRDA:233,27,0,0
BRDA:233,27,1,1
BRDA:244,28,0,0
BRDA:244,28,1,1
BRDA:247,29,0,0
BRDA:247,29,1,1
BRDA:255,30,0,0
BRDA:255,30,1,1
BRDA:265,31,0,0
BRDA:265,31,1,1
BRDA:272,32,0,0
BRDA:272,32,1,1
BRDA:282,33,0,0
BRDA:282,33,1,1
BRDA:290,34,0,0
BRDA:290,34,1,1
BRF:70
BRH:50
end_of_record
TN:
SF:src/modules/cage/cage.controller.js
FN:5,(anonymous_0)
FN:10,(anonymous_1)
FN:15,(anonymous_2)
FN:31,(anonymous_3)
FN:36,(anonymous_4)
FNF:5
FNH:5
FNDA:1,(anonymous_0)
FNDA:1,(anonymous_1)
FNDA:2,(anonymous_2)
FNDA:1,(anonymous_3)
FNDA:1,(anonymous_4)
DA:1,1
DA:2,1
DA:3,1
DA:5,1
DA:6,1
DA:7,1
DA:10,1
DA:11,1
DA:12,1
DA:15,1
DA:16,2
DA:17,2
DA:18,2
DA:23,2
DA:24,2
DA:31,1
DA:32,1
DA:33,1
DA:36,1
DA:37,1
DA:38,1
LF:21
LH:21
BRDA:16,0,0,2
BRDA:16,0,1,1
BRDA:17,1,0,2
BRDA:17,1,1,1
BRF:4
BRH:4
end_of_record
TN:
SF:src/modules/cage/cage.repository.js
FN:4,(anonymous_0)
FN:12,(anonymous_1)
FN:16,(anonymous_2)
FN:24,(anonymous_3)
FN:29,(anonymous_4)
FN:33,(anonymous_5)
FN:37,(anonymous_6)
FN:41,(anonymous_7)
FN:45,(anonymous_8)
FNF:9
FNH:9
FNDA:2,(anonymous_0)
FNDA:1,(anonymous_1)
FNDA:1,(anonymous_2)
FNDA:1,(anonymous_3)
FNDA:1,(anonymous_4)
FNDA:1,(anonymous_5)
FNDA:1,(anonymous_6)
FNDA:1,(anonymous_7)
FNDA:1,(anonymous_8)
DA:1,5
DA:5,2
DA:6,2
DA:7,1
DA:9,2
DA:13,1
DA:17,1
DA:18,1
DA:25,1
DA:26,1
DA:30,1
DA:34,1
DA:38,1
DA:42,1
DA:46,1
DA:50,5
LF:16
LH:16
BRDA:6,0,0,1
BRDA:6,0,1,1
BRDA:16,1,0,1
BRDA:17,2,0,1
BRDA:24,3,0,1
BRDA:25,4,0,1
BRF:6
BRH:6
end_of_record
TN:
SF:src/modules/cage/cage.service.js
FN:9,(anonymous_0)
FN:30,(anonymous_1)
FN:49,(anonymous_2)
FN:97,(anonymous_3)
FN:114,(anonymous_4)
FN:131,(anonymous_5)
FNF:6
FNH:6
FNDA:4,(anonymous_0)
FNDA:2,(anonymous_1)
FNDA:2,(anonymous_2)
FNDA:2,(anonymous_3)
FNDA:2,(anonymous_4)
FNDA:10,(anonymous_5)
DA:1,2
DA:2,2
DA:3,2
DA:4,2
DA:5,2
DA:6,2
DA:11,4
DA:13,4
DA:14,4
DA:16,3
DA:17,3
DA:18,1
DA:21,2
DA:22,2
DA:24,1
DA:31,2
DA:32,2
DA:35,1
DA:37,1
DA:38,1
DA:39,1
DA:40,1
DA:42,1
DA:50,2
DA:53,1
DA:55,1
DA:57,1
DA:58,1
DA:59,1
DA:61,1
DA:62,1
DA:63,1
DA:65,0
DA:70,1
DA:77,1
DA:78,1
DA:80,1
DA:81,1
DA:82,1
DA:83,1
DA:84,1
DA:85,1
DA:87,1
DA:94,1
DA:98,2
DA:99,2
DA:102,2
DA:104,2
DA:105,1
DA:106,1
DA:107,1
DA:111,1
DA:115,2
DA:116,2
DA:119,2
DA:121,2
DA:122,2
DA:123,1
DA:128,1
DA:132,10
DA:135,10
DA:139,2
LF:62
LH:61
BRDA:14,0,0,1
BRDA:14,0,1,3
BRDA:17,1,0,1
BRDA:17,1,1,2
BRDA:22,2,0,1
BRDA:22,2,1,1
BRDA:32,3,0,1
BRDA:32,3,1,1
BRDA:39,4,0,0
BRDA:39,4,1,1
BRDA:40,5,0,1
BRDA:40,5,1,0
BRDA:49,6,0,2
BRDA:49,7,0,2
BRDA:49,8,0,2
BRDA:50,9,0,1
BRDA:50,9,1,1
BRDA:61,10,0,0
BRDA:61,10,1,1
BRDA:62,11,0,0
BRDA:62,11,1,1
BRDA:63,12,0,0
BRDA:63,12,1,1
BRDA:84,13,0,0
BRDA:84,13,1,1
BRDA:85,14,0,0
BRDA:85,14,1,1
BRDA:99,15,0,0
BRDA:99,15,1,2
BRDA:104,16,0,1
BRDA:104,16,1,1
BRDA:104,17,0,2
BRDA:104,17,1,1
BRDA:106,18,0,1
BRDA:106,18,1,0
BRDA:116,19,0,0
BRDA:116,19,1,2
BRDA:122,20,0,1
BRDA:122,20,1,1
BRDA:135,21,0,0
BRDA:135,21,1,10
BRF:41
BRH:30
end_of_record
TN:
SF:src/modules/cleaning/cleaning.controller.js
FN:5,(anonymous_0)
FN:11,(anonymous_1)
FNF:2
FNH:2
FNDA:1,(anonymous_0)
FNDA:2,(anonymous_1)
DA:1,1
DA:2,1
DA:3,1
DA:5,1
DA:6,1
DA:7,1
DA:8,1
DA:11,1
DA:12,2
DA:13,2
DA:14,2
DA:16,2
DA:18,2
DA:19,2
DA:20,2
LF:15
LH:15
BRDA:12,0,0,2
BRDA:12,0,1,1
BRDA:13,1,0,2
BRDA:13,1,1,1
BRDA:19,2,0,2
BRDA:19,2,1,1
BRDA:19,2,2,0
BRDA:22,3,0,2
BRDA:22,3,1,0
BRF:9
BRH:7
end_of_record
TN:
SF:src/modules/cleaning/cleaning.repository.js
FN:5,(anonymous_0)
FN:48,(anonymous_1)
FN:74,(anonymous_2)
FN:78,(anonymous_3)
FNF:4
FNH:4
FNDA:2,(anonymous_0)
FNDA:3,(anonymous_1)
FNDA:1,(anonymous_2)
FNDA:1,(anonymous_3)
DA:1,3
DA:2,3
DA:6,2
DA:7,2
DA:8,2
DA:9,2
DA:11,2
DA:12,1
DA:15,2
DA:49,3
DA:50,3
DA:51,3
DA:53,3
DA:54,1
DA:57,3
DA:58,1
DA:59,1
DA:71,2
DA:75,1
DA:79,1
DA:83,3
LF:21
LH:21
BRDA:5,0,0,1
BRDA:5,1,0,1
BRDA:5,2,0,2
BRDA:11,3,0,1
BRDA:11,3,1,1
BRDA:29,4,0,0
BRDA:29,4,1,2
BRDA:48,5,0,1
BRDA:48,6,0,2
BRDA:53,7,0,1
BRDA:53,7,1,2
BRDA:57,8,0,1
BRDA:57,8,1,2
BRF:13
BRH:12
end_of_record
TN:
SF:src/modules/cleaning/cleaning.service.js
FN:7,(anonymous_0)
FN:49,(anonymous_1)
FN:69,(anonymous_2)
FN:89,(anonymous_3)
FN:108,(anonymous_4)
FN:123,(anonymous_5)
FN:133,(anonymous_6)
FN:149,(anonymous_7)
FNF:8
FNH:6
FNDA:7,(anonymous_0)
FNDA:3,(anonymous_1)
FNDA:1,(anonymous_2)
FNDA:1,(anonymous_3)
FNDA:2,(anonymous_4)
FNDA:0,(anonymous_5)
FNDA:1,(anonymous_6)
FNDA:0,(anonymous_7)
DA:1,2
DA:2,2
DA:3,2
DA:4,2
DA:8,7
DA:10,7
DA:11,2
DA:14,5
DA:17,5
DA:18,5
DA:20,4
DA:21,4
DA:22,4
DA:23,0
DA:24,0
DA:25,0
DA:26,0
DA:28,4
DA:31,4
DA:34,4
DA:36,3
DA:38,3
DA:39,3
DA:40,1
DA:43,1
DA:44,1
DA:46,1
DA:50,3
DA:52,3
DA:53,3
DA:54,2
DA:56,2
DA:57,1
DA:60,1
DA:61,1
DA:65,1
DA:69,1
DA:71,1
DA:80,1
DA:81,1
DA:82,1
DA:84,1
DA:86,1
DA:90,1
DA:93,1
DA:94,0
DA:95,0
DA:96,0
DA:97,0
DA:98,0
DA:99,0
DA:102,0
DA:103,0
DA:109,2
DA:112,1
DA:115,1
DA:117,1
DA:118,1
DA:119,0
DA:120,0
DA:123,0
DA:126,1
DA:128,1
DA:130,1
DA:131,1
DA:133,1
DA:134,1
DA:135,1
DA:136,1
DA:137,1
DA:138,1
DA:139,0
DA:140,0
DA:141,0
DA:142,0
DA:145,1
DA:146,1
DA:147,0
DA:148,1
DA:149,0
DA:151,1
DA:153,1
DA:160,1
DA:164,2
LF:84
LH:63
BRDA:10,0,0,2
BRDA:10,0,1,5
BRDA:10,1,0,7
BRDA:10,1,1,6
BRDA:18,2,0,1
BRDA:18,2,1,4
BRDA:21,3,0,4
BRDA:21,3,1,0
BRDA:21,4,0,4
BRDA:21,4,1,4
BRDA:23,5,0,0
BRDA:23,5,1,0
BRDA:23,6,0,0
BRDA:23,6,1,0
BRDA:25,7,0,0
BRDA:25,7,1,0
BRDA:25,8,0,0
BRDA:25,8,1,0
BRDA:34,9,0,1
BRDA:34,9,1,3
BRDA:40,10,0,1
BRDA:40,10,1,0
BRDA:53,11,0,1
BRDA:53,11,1,2
BRDA:54,12,0,0
BRDA:54,12,1,2
BRDA:56,13,0,1
BRDA:56,13,1,1
BRDA:60,14,0,1
BRDA:60,14,1,0
BRDA:94,15,0,0
BRDA:94,15,1,0
BRDA:96,16,0,0
BRDA:96,16,1,0
BRDA:102,17,0,0
BRDA:102,17,1,0
BRDA:102,18,0,0
BRDA:102,18,1,0
BRDA:108,19,0,1
BRDA:108,20,0,1
BRDA:108,21,0,1
BRDA:109,22,0,1
BRDA:109,22,1,1
BRDA:115,23,0,0
BRDA:115,23,1,1
BRDA:118,24,0,0
BRDA:118,24,1,1
BRDA:128,25,0,0
BRDA:128,25,1,1
BRDA:136,26,0,1
BRDA:136,26,1,0
BRDA:137,27,0,1
BRDA:137,27,1,0
BRDA:137,28,0,1
BRDA:137,28,1,1
BRDA:139,29,0,0
BRDA:139,29,1,0
BRDA:139,30,0,0
BRDA:139,30,1,0
BRDA:141,31,0,0
BRDA:141,31,1,0
BRDA:141,32,0,0
BRDA:141,32,1,0
BRDA:146,33,0,0
BRDA:146,33,1,1
BRDA:146,34,0,1
BRDA:146,34,1,0
BRDA:146,35,0,0
BRDA:146,35,1,0
BRDA:147,36,0,0
BRDA:147,36,1,0
BRDA:148,37,0,0
BRDA:148,37,1,1
BRDA:160,38,0,0
BRDA:160,38,1,1
BRDA:160,39,0,0
BRDA:160,39,1,1
BRF:77
BRH:35
end_of_record
TN:
SF:src/modules/deworming/deworming.controller.js
FN:6,(anonymous_0)
FN:12,(anonymous_1)
FN:27,(anonymous_2)
FNF:3
FNH:3
FNDA:1,(anonymous_0)
FNDA:1,(anonymous_1)
FNDA:3,(anonymous_2)
DA:1,1
DA:2,1
DA:3,1
DA:4,1
DA:6,1
DA:7,1
DA:8,1
DA:9,1
DA:12,1
DA:13,1
DA:14,1
DA:15,1
DA:17,1
DA:19,1
DA:20,1
DA:27,1
DA:28,3
DA:29,3
DA:30,1
DA:32,2
LF:20
LH:20
BRDA:13,0,0,1
BRDA:13,0,1,0
BRDA:14,1,0,1
BRDA:14,1,1,0
BRDA:29,2,0,1
BRDA:29,2,1,2
BRDA:32,3,0,2
BRDA:32,3,1,1
BRF:8
BRH:6
end_of_record
TN:
SF:src/modules/deworming/deworming.repository.js
FN:6,(anonymous_0)
FN:18,(anonymous_1)
FN:32,(anonymous_2)
FN:36,(anonymous_3)
FN:43,(anonymous_4)
FN:47,(anonymous_5)
FNF:6
FNH:6
FNDA:1,(anonymous_0)
FNDA:2,(anonymous_1)
FNDA:1,(anonymous_2)
FNDA:1,(anonymous_3)
FNDA:1,(anonymous_4)
FNDA:1,(anonymous_5)
DA:1,3
DA:2,3
DA:3,3
DA:7,1
DA:8,1
DA:10,1
DA:19,2
DA:20,2
DA:22,2
DA:23,1
DA:29,1
DA:33,1
DA:37,1
DA:44,1
DA:48,1
DA:52,3
LF:16
LH:16
BRDA:6,0,0,1
BRDA:6,1,0,1
BRDA:18,2,0,1
BRDA:22,3,0,1
BRDA:22,3,1,1
BRF:5
BRH:5
end_of_record
TN:
SF:src/modules/deworming/deworming.service.js
FN:7,(anonymous_0)
FN:44,(anonymous_1)
FN:89,(anonymous_2)
FN:108,(anonymous_3)
FNF:4
FNH:4
FNDA:5,(anonymous_0)
FNDA:4,(anonymous_1)
FNDA:2,(anonymous_2)
FNDA:1,(anonymous_3)
DA:1,2
DA:2,2
DA:3,2
DA:4,2
DA:8,5
DA:10,5
DA:11,5
DA:13,4
DA:15,4
DA:17,4
DA:18,4
DA:22,4
DA:23,3
DA:27,1
DA:28,1
DA:29,1
DA:35,1
DA:38,1
DA:39,1
DA:41,1
DA:45,4
DA:46,4
DA:47,1
DA:48,1
DA:51,3
DA:52,3
DA:53,0
DA:54,0
DA:57,3
DA:60,3
DA:61,1
DA:62,1
DA:65,2
DA:66,2
DA:67,2
DA:68,1
DA:69,1
DA:72,1
DA:73,1
DA:74,0
DA:75,0
DA:76,0
DA:78,0
DA:79,0
DA:80,0
DA:90,2
DA:93,1
DA:96,1
DA:98,1
DA:100,1
DA:102,1
DA:103,1
DA:105,1
DA:109,1
DA:113,2
LF:55
LH:47
BRDA:11,0,0,1
BRDA:11,0,1,4
BRDA:13,1,0,4
BRDA:13,1,1,0
BRDA:22,2,0,3
BRDA:22,2,1,1
BRDA:46,3,0,1
BRDA:46,3,1,3
BRDA:51,4,0,3
BRDA:51,4,1,0
BRDA:52,5,0,0
BRDA:52,5,1,3
BRDA:60,6,0,1
BRDA:60,6,1,2
BRDA:67,7,0,1
BRDA:67,7,1,1
BRDA:73,8,0,0
BRDA:73,8,1,1
BRDA:78,9,0,0
BRDA:78,9,1,0
BRDA:89,10,0,1
BRDA:89,11,0,1
BRDA:89,12,0,1
BRDA:90,13,0,1
BRDA:90,13,1,1
BRDA:96,14,0,0
BRDA:96,14,1,1
BRDA:100,15,0,0
BRDA:100,15,1,1
BRDA:105,16,0,0
BRDA:105,16,1,1
BRDA:105,17,0,0
BRDA:105,17,1,1
BRF:33
BRH:23
end_of_record
TN:
SF:src/modules/farmMember/farmMember.controller.js
FN:5,(anonymous_0)
FN:13,(anonymous_1)
FN:20,(anonymous_2)
FN:25,(anonymous_3)
FN:33,(anonymous_4)
FN:42,(anonymous_5)
FNF:6
FNH:6
FNDA:1,(anonymous_0)
FNDA:1,(anonymous_1)
FNDA:1,(anonymous_2)
FNDA:1,(anonymous_3)
FNDA:1,(anonymous_4)
FNDA:1,(anonymous_5)
DA:1,1
DA:2,1
DA:3,1
DA:5,1
DA:6,1
DA:10,1
DA:13,1
DA:14,1
DA:17,1
DA:20,1
DA:21,1
DA:22,1
DA:25,1
DA:26,1
DA:30,1
DA:33,1
DA:34,1
DA:39,1
DA:42,1
DA:43,1
DA:44,1
LF:21
LH:21
BRF:0
BRH:0
end_of_record
TN:
SF:src/modules/farmMember/farmMember.repository.js
FN:7,(anonymous_0)
FN:24,(anonymous_1)
FN:38,(anonymous_2)
FN:52,(anonymous_3)
FN:56,(anonymous_4)
FN:60,(anonymous_5)
FN:64,(anonymous_6)
FN:69,(anonymous_7)
FN:72,(anonymous_8)
FN:79,(anonymous_9)
FN:82,(anonymous_10)
FNF:11
FNH:11
FNDA:1,(anonymous_0)
FNDA:1,(anonymous_1)
FNDA:1,(anonymous_2)
FNDA:1,(anonymous_3)
FNDA:1,(anonymous_4)
FNDA:1,(anonymous_5)
FNDA:1,(anonymous_6)
FNDA:2,(anonymous_7)
FNDA:1,(anonymous_8)
FNDA:1,(anonymous_9)
FNDA:2,(anonymous_10)
DA:1,5
DA:8,1
DA:25,1
DA:39,1
DA:53,1
DA:57,1
DA:61,1
DA:65,1
DA:70,2
DA:71,2
DA:72,1
DA:73,1
DA:75,1
DA:80,1
DA:81,1
DA:82,2
DA:83,1
DA:85,0
DA:89,5
LF:19
LH:18
BRDA:71,0,0,1
BRDA:71,0,1,1
BRDA:71,1,0,2
BRDA:71,1,1,2
BRDA:81,2,0,1
BRDA:81,2,1,0
BRDA:81,3,0,1
BRDA:81,3,1,1
BRF:8
BRH:7
end_of_record
TN:
SF:src/modules/farmMember/farmMember.service.js
FN:12,(anonymous_0)
FN:16,(anonymous_1)
FN:23,(anonymous_2)
FN:30,(anonymous_3)
FN:38,(anonymous_4)
FN:50,(anonymous_5)
FN:65,(anonymous_6)
FN:78,(anonymous_7)
FN:86,(anonymous_8)
FN:88,(anonymous_9)
FN:89,(anonymous_10)
FN:104,(anonymous_11)
FN:111,(anonymous_12)
FN:111,(anonymous_13)
FN:115,(anonymous_14)
FN:116,(anonymous_15)
FN:117,(anonymous_16)
FN:118,(anonymous_17)
FN:128,(anonymous_18)
FN:138,(anonymous_19)
FN:189,(anonymous_20)
FN:213,(anonymous_21)
FN:220,(anonymous_22)
FNF:23
FNH:16
FNDA:2,(anonymous_0)
FNDA:2,(anonymous_1)
FNDA:1,(anonymous_2)
FNDA:1,(anonymous_3)
FNDA:2,(anonymous_4)
FNDA:3,(anonymous_5)
FNDA:2,(anonymous_6)
FNDA:3,(anonymous_7)
FNDA:0,(anonymous_8)
FNDA:1,(anonymous_9)
FNDA:1,(anonymous_10)
FNDA:0,(anonymous_11)
FNDA:1,(anonymous_12)
FNDA:1,(anonymous_13)
FNDA:0,(anonymous_14)
FNDA:0,(anonymous_15)
FNDA:1,(anonymous_16)
FNDA:1,(anonymous_17)
FNDA:0,(anonymous_18)
FNDA:0,(anonymous_19)
FNDA:2,(anonymous_20)
FNDA:5,(anonymous_21)
FNDA:0,(anonymous_22)
DA:1,4
DA:2,4
DA:3,4
DA:4,4
DA:5,4
DA:13,2
DA:14,1
DA:16,2
DA:24,1
DA:31,1
DA:39,2
DA:40,2
DA:42,1
DA:44,1
DA:51,3
DA:52,3
DA:53,1
DA:55,2
DA:56,1
DA:58,1
DA:66,2
DA:67,2
DA:69,1
DA:71,1
DA:79,3
DA:80,3
DA:81,2
DA:83,1
DA:86,1
DA:87,1
DA:88,1
DA:89,1
DA:92,1
DA:93,1
DA:96,1
DA:98,1
DA:99,0
DA:100,0
DA:102,0
DA:103,0
DA:104,0
DA:106,0
DA:110,1
DA:111,1
DA:115,1
DA:116,1
DA:117,1
DA:118,1
DA:121,1
DA:122,0
DA:125,1
DA:129,0
DA:130,0
DA:132,0
DA:138,0
DA:140,0
DA:141,0
DA:142,0
DA:143,0
DA:144,0
DA:145,0
DA:148,0
DA:149,0
DA:150,0
DA:151,0
DA:154,0
DA:162,0
DA:163,0
DA:164,0
DA:165,0
DA:166,0
DA:167,0
DA:170,0
DA:171,0
DA:172,0
DA:173,0
DA:176,0
DA:190,2
DA:191,2
DA:192,2
DA:194,1
DA:197,1
DA:198,1
DA:200,1
DA:203,1
DA:214,5
DA:215,5
DA:216,1
DA:221,0
DA:222,0
DA:223,0
DA:224,0
DA:225,0
DA:228,0
DA:229,0
DA:235,4
LF:96
LH:56
BRDA:40,0,0,1
BRDA:40,0,1,1
BRDA:52,1,0,1
BRDA:52,1,1,2
BRDA:55,2,0,1
BRDA:55,2,1,1
BRDA:67,3,0,1
BRDA:67,3,1,1
BRDA:80,4,0,1
BRDA:80,4,1,2
BRDA:81,5,0,1
BRDA:81,5,1,1
BRDA:86,6,0,1
BRDA:86,6,1,0
BRDA:87,7,0,1
BRDA:87,7,1,0
BRDA:88,8,0,1
BRDA:88,8,1,0
BRDA:88,8,2,0
BRDA:88,8,3,0
BRDA:92,9,0,1
BRDA:92,9,1,0
BRDA:98,10,0,0
BRDA:98,10,1,1
BRDA:102,11,0,0
BRDA:102,11,1,0
BRDA:110,12,0,1
BRDA:110,12,1,0
BRDA:111,13,0,1
BRDA:111,13,1,0
BRDA:111,13,2,0
BRDA:111,13,3,0
BRDA:121,14,0,0
BRDA:121,14,1,1
BRDA:121,15,0,1
BRDA:121,15,1,1
BRDA:121,15,2,1
BRDA:121,15,3,1
BRDA:138,16,0,0
BRDA:138,16,1,0
BRDA:140,17,0,0
BRDA:140,17,1,0
BRDA:140,18,0,0
BRDA:140,18,1,0
BRDA:142,19,0,0
BRDA:142,19,1,0
BRDA:144,20,0,0
BRDA:144,20,1,0
BRDA:148,21,0,0
BRDA:148,21,1,0
BRDA:150,22,0,0
BRDA:150,22,1,0
BRDA:162,23,0,0
BRDA:162,23,1,0
BRDA:162,24,0,0
BRDA:162,24,1,0
BRDA:164,25,0,0
BRDA:164,25,1,0
BRDA:166,26,0,0
BRDA:166,26,1,0
BRDA:170,27,0,0
BRDA:170,27,1,0
BRDA:172,28,0,0
BRDA:172,28,1,0
BRDA:191,29,0,0
BRDA:191,29,1,2
BRDA:192,30,0,1
BRDA:192,30,1,1
BRDA:215,31,0,1
BRDA:215,31,1,4
BRDA:215,32,0,5
BRDA:215,32,1,4
BRDA:221,33,0,0
BRDA:221,33,1,0
BRDA:221,34,0,0
BRDA:221,34,1,0
BRDA:224,35,0,0
BRDA:224,35,1,0
BRDA:228,36,0,0
BRDA:228,36,1,0
BRF:80
BRH:31
end_of_record
TN:
SF:src/modules/feeding/feeding.controller.js
FN:5,(anonymous_0)
FN:10,(anonymous_1)
FN:17,(anonymous_2)
FNF:3
FNH:3
FNDA:1,(anonymous_0)
FNDA:1,(anonymous_1)
FNDA:2,(anonymous_2)
DA:1,1
DA:2,1
DA:3,1
DA:5,1
DA:6,1
DA:7,1
DA:10,1
DA:11,1
DA:12,1
DA:13,1
DA:14,1
DA:17,1
DA:18,2
DA:19,2
DA:20,2
DA:22,2
DA:24,2
DA:25,2
LF:18
LH:18
BRDA:18,0,0,2
BRDA:18,0,1,1
BRDA:19,1,0,2
BRDA:19,1,1,1
BRF:4
BRH:4
end_of_record
TN:
SF:src/modules/feeding/feeding.repository.js
FN:6,(anonymous_0)
FN:12,(anonymous_1)
FN:13,(anonymous_2)
FN:14,(anonymous_3)
FN:25,(anonymous_4)
FN:38,(anonymous_5)
FN:53,(anonymous_6)
FN:92,(anonymous_7)
FN:116,(anonymous_8)
FN:125,(anonymous_9)
FNF:10
FNH:10
FNDA:2,(anonymous_0)
FNDA:2,(anonymous_1)
FNDA:6,(anonymous_2)
FNDA:10,(anonymous_3)
FNDA:1,(anonymous_4)
FNDA:1,(anonymous_5)
FNDA:1,(anonymous_6)
FNDA:2,(anonymous_7)
FNDA:1,(anonymous_8)
FNDA:1,(anonymous_9)
DA:1,3
DA:2,3
DA:3,3
DA:7,2
DA:11,2
DA:12,2
DA:13,6
DA:14,10
DA:16,2
DA:17,2
DA:19,2
DA:26,1
DA:28,1
DA:39,1
DA:41,1
DA:54,1
DA:55,1
DA:56,1
DA:58,1
DA:93,2
DA:94,2
DA:97,2
DA:98,1
DA:100,1
DA:113,1
DA:117,1
DA:126,1
DA:130,3
LF:28
LH:28
BRDA:53,0,0,0
BRDA:53,1,0,1
BRDA:68,2,0,0
BRDA:68,2,1,1
BRDA:92,3,0,1
BRDA:97,4,0,1
BRDA:97,4,1,1
BRF:7
BRH:5
end_of_record
TN:
SF:src/modules/feeding/feeding.service.js
FN:8,(anonymous_0)
FN:14,(anonymous_1)
FN:50,(anonymous_2)
FN:78,(anonymous_3)
FNF:4
FNH:4
FNDA:2,(anonymous_0)
FNDA:6,(anonymous_1)
FNDA:3,(anonymous_2)
FNDA:2,(anonymous_3)
DA:1,2
DA:2,2
DA:3,2
DA:4,2
DA:5,2
DA:9,2
DA:10,2
DA:11,1
DA:15,6
DA:18,6
DA:19,6
DA:24,6
DA:27,6
DA:28,6
DA:29,1
DA:32,6
DA:34,6
DA:35,6
DA:36,6
DA:37,5
DA:40,4
DA:41,4
DA:46,4
DA:47,1
DA:50,3
DA:52,3
DA:54,3
DA:55,1
DA:58,2
DA:69,2
DA:72,2
DA:73,2
DA:75,2
DA:79,2
DA:82,1
DA:85,1
DA:87,1
DA:89,1
DA:91,1
DA:92,1
DA:94,1
DA:98,2
LF:42
LH:42
BRDA:10,0,0,1
BRDA:10,0,1,1
BRDA:11,1,0,1
BRDA:11,1,1,0
BRDA:28,2,0,1
BRDA:28,2,1,5
BRDA:29,3,0,0
BRDA:29,3,1,1
BRDA:36,4,0,1
BRDA:36,4,1,5
BRDA:37,5,0,1
BRDA:37,5,1,4
BRDA:46,6,0,1
BRDA:46,6,1,3
BRDA:54,7,0,1
BRDA:54,7,1,2
BRDA:54,8,0,3
BRDA:54,8,1,1
BRDA:61,9,0,2
BRDA:61,9,1,2
BRDA:78,10,0,1
BRDA:78,11,0,1
BRDA:78,12,0,1
BRDA:79,13,0,1
BRDA:79,13,1,1
BRDA:85,14,0,0
BRDA:85,14,1,1
BRDA:89,15,0,0
BRDA:89,15,1,1
BRDA:94,16,0,0
BRDA:94,16,1,1
BRDA:94,17,0,0
BRDA:94,17,1,1
BRF:33
BRH:27
end_of_record
TN:
SF:src/modules/galpon/galpon.controller.js
FN:7,(anonymous_0)
FN:12,(anonymous_1)
FN:17,(anonymous_2)
FN:22,(anonymous_3)
FN:29,(anonymous_4)
FN:34,(anonymous_5)
FN:39,(anonymous_6)
FN:44,(anonymous_7)
FN:49,(anonymous_8)
FN:54,(anonymous_9)
FNF:10
FNH:10
FNDA:1,(anonymous_0)
FNDA:1,(anonymous_1)
FNDA:1,(anonymous_2)
FNDA:2,(anonymous_3)
FNDA:1,(anonymous_4)
FNDA:1,(anonymous_5)
FNDA:1,(anonymous_6)
FNDA:2,(anonymous_7)
FNDA:1,(anonymous_8)
FNDA:2,(anonymous_9)
DA:1,1
DA:2,1
DA:3,1
DA:4,1
DA:5,1
DA:7,1
DA:8,1
DA:9,1
DA:12,1
DA:13,1
DA:14,1
DA:17,1
DA:18,1
DA:19,1
DA:22,1
DA:23,2
DA:24,2
DA:25,2
DA:27,2
DA:29,1
DA:34,1
DA:35,1
DA:36,1
DA:39,1
DA:40,1
DA:41,1
DA:44,1
DA:45,2
DA:46,2
DA:49,1
DA:50,1
DA:51,1
DA:54,1
DA:55,2
DA:56,2
DA:57,2
DA:59,1
DA:65,1
LF:38
LH:38
BRDA:23,0,0,2
BRDA:23,0,1,1
BRDA:24,1,0,2
BRDA:24,1,1,1
BRDA:46,2,0,1
BRDA:46,2,1,1
BRDA:57,3,0,1
BRDA:57,3,1,1
BRF:8
BRH:8
end_of_record
TN:
SF:src/modules/galpon/galpon.repository.js
FN:4,(anonymous_0)
FN:8,(anonymous_1)
FN:12,(anonymous_2)
FN:16,(anonymous_3)
FN:20,(anonymous_4)
FN:27,(anonymous_5)
FN:31,(anonymous_6)
FN:35,(anonymous_7)
FN:39,(anonymous_8)
FN:43,(anonymous_9)
FN:47,(anonymous_10)
FNF:11
FNH:11
FNDA:1,(anonymous_0)
FNDA:1,(anonymous_1)
FNDA:1,(anonymous_2)
FNDA:1,(anonymous_3)
FNDA:1,(anonymous_4)
FNDA:1,(anonymous_5)
FNDA:1,(anonymous_6)
FNDA:1,(anonymous_7)
FNDA:1,(anonymous_8)
FNDA:1,(anonymous_9)
FNDA:1,(anonymous_10)
DA:1,12
DA:5,1
DA:9,1
DA:13,1
DA:17,1
DA:21,1
DA:28,1
DA:32,1
DA:36,1
DA:40,1
DA:44,1
DA:48,1
DA:49,1
DA:50,1
DA:51,1
DA:55,12
LF:16
LH:16
BRDA:20,0,0,1
BRF:1
BRH:1
end_of_record
TN:
SF:src/modules/galpon/galpon.service.js
FN:11,(anonymous_0)
FN:42,(anonymous_1)
FN:48,(anonymous_2)
FN:62,(anonymous_3)
FN:68,(anonymous_4)
FN:80,(anonymous_5)
FN:87,(anonymous_6)
FN:88,(anonymous_7)
FN:107,(anonymous_8)
FN:124,(anonymous_9)
FN:142,(anonymous_10)
FN:169,(anonymous_11)
FN:185,(anonymous_12)
FNF:13
FNH:10
FNDA:2,(anonymous_0)
FNDA:2,(anonymous_1)
FNDA:4,(anonymous_2)
FNDA:1,(anonymous_3)
FNDA:1,(anonymous_4)
FNDA:0,(anonymous_5)
FNDA:0,(anonymous_6)
FNDA:0,(anonymous_7)
FNDA:4,(anonymous_8)
FNDA:2,(anonymous_9)
FNDA:2,(anonymous_10)
FNDA:3,(anonymous_11)
FNDA:5,(anonymous_12)
DA:1,2
DA:2,2
DA:3,2
DA:4,2
DA:5,2
DA:12,2
DA:15,2
DA:16,2
DA:18,1
DA:30,1
DA:33,1
DA:34,1
DA:37,1
DA:39,1
DA:43,2
DA:44,2
DA:45,1
DA:49,4
DA:50,2
DA:52,2
DA:53,2
DA:54,1
DA:63,1
DA:64,1
DA:67,1
DA:68,1
DA:74,1
DA:80,1
DA:86,1
DA:87,1
DA:88,0
DA:89,0
DA:94,1
DA:95,1
DA:98,1
DA:100,1
DA:102,0
DA:103,0
DA:108,4
DA:109,4
DA:112,3
DA:114,2
DA:115,2
DA:116,2
DA:117,1
DA:121,1
DA:125,2
DA:126,2
DA:129,2
DA:131,2
DA:132,2
DA:133,1
DA:136,1
DA:143,2
DA:144,2
DA:145,2
DA:147,1
DA:148,1
DA:151,1
DA:152,1
DA:159,0
DA:163,0
DA:170,3
DA:171,3
DA:174,2
DA:177,2
DA:179,1
DA:180,1
DA:182,1
DA:186,5
DA:189,5
DA:193,2
LF:72
LH:66
BRDA:16,0,0,1
BRDA:16,0,1,1
BRDA:44,1,0,1
BRDA:44,1,1,1
BRDA:49,2,0,2
BRDA:49,2,1,2
BRDA:49,3,0,4
BRDA:49,3,1,2
BRDA:53,4,0,1
BRDA:53,4,1,1
BRDA:62,5,0,0
BRDA:62,6,0,0
BRDA:88,7,0,0
BRDA:88,7,1,0
BRDA:109,8,0,1
BRDA:109,8,1,3
BRDA:114,9,0,2
BRDA:114,9,1,0
BRDA:116,10,0,1
BRDA:116,10,1,1
BRDA:126,11,0,0
BRDA:126,11,1,2
BRDA:132,12,0,1
BRDA:132,12,1,1
BRDA:145,13,0,1
BRDA:145,13,1,1
BRDA:148,14,0,0
BRDA:148,14,1,1
BRDA:151,15,0,1
BRDA:151,15,1,0
BRDA:165,16,0,0
BRDA:165,16,1,0
BRDA:171,17,0,1
BRDA:171,17,1,2
BRDA:177,18,0,1
BRDA:177,18,1,1
BRDA:189,19,0,1
BRDA:189,19,1,4
BRF:38
BRH:28
end_of_record
TN:
SF:src/modules/genealogy/genealogy.controller.js
FN:5,(anonymous_0)
FN:11,(anonymous_1)
FN:16,(anonymous_2)
FN:21,(anonymous_3)
FN:26,(anonymous_4)
FN:31,(anonymous_5)
FNF:6
FNH:6
FNDA:1,(anonymous_0)
FNDA:2,(anonymous_1)
FNDA:1,(anonymous_2)
FNDA:1,(anonymous_3)
FNDA:2,(anonymous_4)
FNDA:1,(anonymous_5)
DA:1,1
DA:2,1
DA:3,1
DA:5,1
DA:6,1
DA:7,1
DA:8,1
DA:11,1
DA:12,2
DA:13,2
DA:16,1
DA:17,1
DA:18,1
DA:21,1
DA:22,1
DA:23,1
DA:26,1
DA:27,2
DA:28,2
DA:31,1
DA:32,1
DA:33,1
DA:34,1
DA:35,1
LF:24
LH:24
BRDA:13,0,0,1
BRDA:13,0,1,1
BRDA:27,1,0,2
BRDA:27,1,1,1
BRF:4
BRH:4
end_of_record
TN:
SF:src/modules/genealogy/genealogy.repository.js
FN:5,(anonymous_0)
FN:16,(anonymous_1)
FN:27,(anonymous_2)
FN:37,(anonymous_3)
FN:41,(anonymous_4)
FN:45,(anonymous_5)
FNF:6
FNH:6
FNDA:1,(anonymous_0)
FNDA:1,(anonymous_1)
FNDA:1,(anonymous_2)
FNDA:1,(anonymous_3)
FNDA:1,(anonymous_4)
FNDA:1,(anonymous_5)
DA:1,3
DA:2,3
DA:6,1
DA:17,1
DA:28,1
DA:38,1
DA:42,1
DA:46,1
DA:50,3
LF:9
LH:9
BRF:0
BRH:0
end_of_record
TN:
SF:src/modules/genealogy/genealogy.service.js
FN:6,(anonymous_0)
FN:43,(anonymous_1)
FN:55,(anonymous_2)
FN:69,(anonymous_3)
FN:93,(anonymous_4)
FN:95,(anonymous_5)
FN:99,(anonymous_6)
FN:105,(anonymous_7)
FN:107,(anonymous_8)
FN:111,(anonymous_9)
FN:117,(anonymous_10)
FN:123,(anonymous_11)
FN:128,(anonymous_12)
FN:157,(anonymous_13)
FN:161,(anonymous_14)
FN:206,(anonymous_15)
FN:216,(anonymous_16)
FN:237,(anonymous_17)
FNF:18
FNH:13
FNDA:5,(anonymous_0)
FNDA:5,(anonymous_1)
FNDA:0,(anonymous_2)
FNDA:22,(anonymous_3)
FNDA:3,(anonymous_4)
FNDA:0,(anonymous_5)
FNDA:0,(anonymous_6)
FNDA:3,(anonymous_7)
FNDA:0,(anonymous_8)
FNDA:0,(anonymous_9)
FNDA:2,(anonymous_10)
FNDA:2,(anonymous_11)
FNDA:2,(anonymous_12)
FNDA:2,(anonymous_13)
FNDA:1,(anonymous_14)
FNDA:6,(anonymous_15)
FNDA:3,(anonymous_16)
FNDA:6,(anonymous_17)
DA:1,2
DA:2,2
DA:3,2
DA:7,5
DA:9,5
DA:10,5
DA:11,4
DA:13,4
DA:14,1
DA:16,3
DA:17,1
DA:20,2
DA:21,2
DA:24,2
DA:25,2
DA:28,2
DA:29,2
DA:30,2
DA:33,2
DA:34,2
DA:35,1
DA:36,1
DA:39,1
DA:40,1
DA:44,5
DA:46,4
DA:47,4
DA:49,4
DA:50,4
DA:52,4
DA:53,4
DA:55,4
DA:56,4
DA:58,4
DA:59,4
DA:61,4
DA:62,3
DA:63,3
DA:66,4
DA:70,22
DA:71,22
DA:73,22
DA:74,22
DA:75,22
DA:77,22
DA:78,22
DA:79,16
DA:80,0
DA:81,0
DA:83,16
DA:84,0
DA:85,0
DA:90,22
DA:94,3
DA:95,3
DA:96,0
DA:98,3
DA:99,3
DA:100,0
DA:102,3
DA:106,3
DA:107,3
DA:108,0
DA:110,3
DA:111,3
DA:112,0
DA:114,3
DA:118,2
DA:119,2
DA:120,1
DA:124,2
DA:125,1
DA:129,2
DA:130,2
DA:132,1
DA:133,1
DA:134,1
DA:136,1
DA:137,1
DA:139,1
DA:140,1
DA:142,1
DA:143,1
DA:144,1
DA:147,1
DA:148,1
DA:149,1
DA:150,1
DA:151,1
DA:152,1
DA:158,2
DA:159,2
DA:161,1
DA:162,1
DA:164,1
DA:165,1
DA:167,1
DA:168,1
DA:180,0
DA:192,0
DA:193,0
DA:196,0
DA:197,0
DA:200,0
DA:203,1
DA:207,6
DA:208,6
DA:209,6
DA:210,6
DA:211,6
DA:212,6
DA:213,6
DA:217,3
DA:218,3
DA:219,3
DA:220,0
DA:223,3
DA:224,3
DA:225,0
DA:226,0
DA:229,3
DA:230,3
DA:231,0
DA:232,0
DA:234,3
DA:238,6
DA:239,6
DA:240,6
DA:242,6
DA:243,0
DA:245,6
DA:246,6
DA:247,6
DA:251,2
LF:134
LH:114
BRDA:10,0,0,1
BRDA:10,0,1,4
BRDA:11,1,0,0
BRDA:11,1,1,4
BRDA:13,2,0,1
BRDA:13,2,1,3
BRDA:13,3,0,4
BRDA:13,3,1,4
BRDA:16,4,0,1
BRDA:16,4,1,2
BRDA:16,5,0,3
BRDA:16,5,1,3
BRDA:20,6,0,2
BRDA:20,6,1,0
BRDA:24,7,0,2
BRDA:24,7,1,0
BRDA:29,8,0,2
BRDA:29,8,1,0
BRDA:29,9,0,2
BRDA:29,9,1,2
BRDA:34,10,0,1
BRDA:34,10,1,1
BRDA:35,11,0,1
BRDA:35,11,1,0
BRDA:35,12,0,1
BRDA:35,12,1,0
BRDA:44,13,0,1
BRDA:44,13,1,4
BRDA:47,14,0,0
BRDA:47,14,1,4
BRDA:50,15,0,0
BRDA:50,15,1,4
BRDA:56,16,0,0
BRDA:56,16,1,4
BRDA:61,17,0,3
BRDA:61,17,1,1
BRDA:61,18,0,4
BRDA:61,18,1,3
BRDA:62,19,0,0
BRDA:62,19,1,3
BRDA:62,20,0,3
BRDA:62,20,1,0
BRDA:63,21,0,0
BRDA:63,21,1,3
BRDA:63,22,0,3
BRDA:63,22,1,0
BRDA:75,23,0,0
BRDA:75,23,1,22
BRDA:78,24,0,16
BRDA:78,24,1,6
BRDA:79,25,0,0
BRDA:79,25,1,16
BRDA:83,26,0,0
BRDA:83,26,1,16
BRDA:93,27,0,0
BRDA:96,28,0,0
BRDA:96,28,1,0
BRDA:100,29,0,0
BRDA:100,29,1,0
BRDA:105,30,0,0
BRDA:108,31,0,0
BRDA:108,31,1,0
BRDA:112,32,0,0
BRDA:112,32,1,0
BRDA:119,33,0,1
BRDA:119,33,1,1
BRDA:124,34,0,1
BRDA:124,34,1,1
BRDA:130,35,0,1
BRDA:130,35,1,1
BRDA:134,36,0,0
BRDA:134,36,1,1
BRDA:136,37,0,1
BRDA:136,37,1,0
BRDA:137,38,0,1
BRDA:137,38,1,0
BRDA:143,39,0,1
BRDA:143,39,1,0
BRDA:143,40,0,1
BRDA:143,40,1,1
BRDA:147,41,0,1
BRDA:147,41,1,0
BRDA:148,42,0,1
BRDA:148,42,1,0
BRDA:157,43,0,1
BRDA:159,44,0,1
BRDA:159,44,1,1
BRDA:162,45,0,0
BRDA:162,45,1,1
BRDA:165,46,0,0
BRDA:165,46,1,1
BRDA:168,47,0,1
BRDA:168,47,1,0
BRDA:192,48,0,0
BRDA:192,48,1,0
BRDA:196,49,0,0
BRDA:196,49,1,0
BRDA:206,50,0,0
BRDA:208,51,0,0
BRDA:208,51,1,6
BRDA:209,52,0,3
BRDA:209,52,1,3
BRDA:210,53,0,0
BRDA:210,53,1,6
BRDA:211,54,0,0
BRDA:211,54,1,6
BRDA:212,55,0,0
BRDA:212,55,1,6
BRDA:212,56,0,6
BRDA:212,56,1,6
BRDA:213,57,0,0
BRDA:213,57,1,6
BRDA:216,58,0,0
BRDA:219,59,0,0
BRDA:219,59,1,3
BRDA:224,60,0,0
BRDA:224,60,1,3
BRDA:225,61,0,0
BRDA:225,61,1,0
BRDA:230,62,0,0
BRDA:230,62,1,3
BRDA:231,63,0,0
BRDA:231,63,1,0
BRDA:238,64,0,0
BRDA:238,64,1,6
BRDA:239,65,0,3
BRDA:239,65,1,3
BRDA:240,66,0,3
BRDA:240,66,1,3
BRDA:242,67,0,0
BRDA:242,67,1,6
BRDA:247,68,0,0
BRDA:247,68,1,6
BRF:133
BRH:77
end_of_record
TN:
SF:src/modules/growth/growth.controller.js
FN:5,(anonymous_0)
FNF:1
FNH:1
FNDA:2,(anonymous_0)
DA:1,1
DA:2,1
DA:6,2
DA:7,2
DA:8,2
DA:10,1
DA:15,1
DA:20,1
LF:8
LH:8
BRF:0
BRH:0
end_of_record
TN:
SF:src/modules/growth/growth.repository.js
FN:5,(anonymous_0)
FN:15,(anonymous_1)
FN:19,(anonymous_2)
FNF:3
FNH:3
FNDA:1,(anonymous_0)
FNDA:1,(anonymous_1)
FNDA:1,(anonymous_2)
DA:1,1
DA:2,1
DA:6,1
DA:16,1
DA:20,1
DA:24,1
LF:6
LH:6
BRF:0
BRH:0
end_of_record
TN:
SF:src/modules/growth/growth.service.js
FN:8,(anonymous_0)
FN:23,(anonymous_1)
FN:28,(anonymous_2)
FN:34,(anonymous_3)
FN:35,(anonymous_4)
FN:89,(anonymous_5)
FN:101,(anonymous_6)
FNF:7
FNH:6
FNDA:7,(anonymous_0)
FNDA:4,(anonymous_1)
FNDA:3,(anonymous_2)
FNDA:1,(anonymous_3)
FNDA:0,(anonymous_4)
FNDA:2,(anonymous_5)
FNDA:1,(anonymous_6)
DA:1,5
DA:2,5
DA:3,5
DA:5,5
DA:9,7
DA:10,3
DA:13,3
DA:14,4
DA:15,3
DA:18,3
DA:20,1
DA:24,4
DA:25,1
DA:28,3
DA:29,3
DA:30,3
DA:31,3
DA:33,3
DA:34,3
DA:35,3
DA:37,3
DA:39,1
DA:43,1
DA:45,1
DA:46,1
DA:48,1
DA:50,1
DA:51,1
DA:52,1
DA:55,1
DA:57,1
DA:61,1
DA:62,1
DA:64,1
DA:79,0
DA:81,3
DA:85,3
DA:86,3
DA:90,2
DA:91,2
DA:93,1
DA:98,1
DA:102,1
DA:103,1
DA:104,1
DA:105,1
DA:106,1
DA:107,1
DA:109,1
DA:110,1
DA:112,1
DA:113,1
DA:120,1
DA:122,1
DA:123,0
DA:124,0
DA:125,0
DA:126,0
DA:127,0
DA:128,0
DA:135,0
DA:136,0
DA:137,0
DA:140,1
DA:144,5
LF:65
LH:55
BRDA:9,0,0,3
BRDA:9,0,1,4
BRDA:13,1,0,1
BRDA:13,1,1,2
BRDA:13,2,0,2
BRDA:13,2,1,0
BRDA:14,3,0,3
BRDA:14,3,1,1
BRDA:18,4,0,1
BRDA:18,4,1,2
BRDA:18,5,0,2
BRDA:18,5,1,0
BRDA:24,6,0,1
BRDA:24,6,1,3
BRDA:37,7,0,2
BRDA:37,7,1,1
BRDA:43,8,0,0
BRDA:43,8,1,1
BRDA:52,9,0,1
BRDA:52,9,1,0
BRDA:55,10,0,1
BRDA:55,10,1,0
BRDA:61,11,0,1
BRDA:61,11,1,0
BRDA:91,12,0,1
BRDA:91,12,1,1
BRDA:106,13,0,1
BRDA:106,13,1,0
BRDA:107,14,0,0
BRDA:107,14,1,1
BRDA:109,15,0,1
BRDA:109,15,1,0
BRDA:110,16,0,0
BRDA:110,16,1,1
BRDA:120,17,0,1
BRDA:120,17,1,0
BRDA:122,18,0,0
BRDA:122,18,1,1
BRDA:124,19,0,0
BRDA:124,19,1,0
BRDA:136,20,0,0
BRDA:136,20,1,0
BRF:42
BRH:26
end_of_record
TN:
SF:src/modules/invitation/invitation.controller.js
FN:5,(anonymous_0)
FN:14,(anonymous_1)
FN:22,(anonymous_2)
FN:27,(anonymous_3)
FN:40,(anonymous_4)
FNF:5
FNH:5
FNDA:1,(anonymous_0)
FNDA:1,(anonymous_1)
FNDA:1,(anonymous_2)
FNDA:1,(anonymous_3)
FNDA:1,(anonymous_4)
DA:1,1
DA:2,1
DA:3,1
DA:5,1
DA:6,1
DA:11,1
DA:14,1
DA:15,1
DA:19,1
DA:22,1
DA:23,1
DA:24,1
DA:27,1
DA:28,1
DA:33,1
DA:40,1
DA:41,1
DA:42,1
LF:18
LH:18
BRDA:35,0,0,1
BRDA:35,0,1,0
BRF:2
BRH:1
end_of_record
TN:
SF:src/modules/invitation/invitation.repository.js
FN:4,(anonymous_0)
FN:8,(anonymous_1)
FN:18,(anonymous_2)
FN:28,(anonymous_3)
FN:39,(anonymous_4)
FN:48,(anonymous_5)
FNF:6
FNH:6
FNDA:1,(anonymous_0)
FNDA:1,(anonymous_1)
FNDA:1,(anonymous_2)
FNDA:1,(anonymous_3)
FNDA:1,(anonymous_4)
FNDA:1,(anonymous_5)
DA:1,3
DA:5,1
DA:9,1
DA:19,1
DA:29,1
DA:40,1
DA:49,1
DA:53,3
LF:8
LH:8
BRF:0
BRH:0
end_of_record
TN:
SF:src/modules/invitation/invitation.service.js
FN:11,(anonymous_0)
FN:39,(anonymous_1)
FN:73,(anonymous_2)
FN:85,(anonymous_3)
FN:98,(anonymous_4)
FN:150,(anonymous_5)
FNF:6
FNH:6
FNDA:6,(anonymous_0)
FNDA:1,(anonymous_1)
FNDA:2,(anonymous_2)
FNDA:1,(anonymous_3)
FNDA:4,(anonymous_4)
FNDA:5,(anonymous_5)
DA:1,2
DA:2,2
DA:3,2
DA:4,2
DA:5,2
DA:13,6
DA:14,6
DA:15,1
DA:19,5
DA:20,5
DA:21,5
DA:22,1
DA:26,4
DA:27,4
DA:28,1
DA:32,3
DA:33,3
DA:34,1
DA:38,2
DA:39,2
DA:40,2
DA:41,1
DA:44,1
DA:52,1
DA:53,1
DA:55,1
DA:67,1
DA:74,2
DA:75,2
DA:76,1
DA:78,1
DA:86,1
DA:87,1
DA:89,0
DA:90,0
DA:99,4
DA:100,4
DA:101,3
DA:102,2
DA:103,1
DA:107,1
DA:110,1
DA:113,1
DA:114,1
DA:117,1
DA:118,1
DA:121,1
DA:122,1
DA:124,1
DA:125,1
DA:126,1
DA:128,1
DA:137,1
DA:144,1
DA:151,5
DA:152,5
DA:153,4
DA:156,3
DA:157,3
DA:160,3
DA:161,3
DA:162,3
DA:164,3
DA:165,1
DA:168,2
DA:171,2
DA:172,1
DA:173,1
DA:174,1
DA:175,1
DA:191,2
LF:71
LH:69
BRDA:14,0,0,1
BRDA:14,0,1,5
BRDA:14,1,0,6
BRDA:14,1,1,5
BRDA:21,2,0,1
BRDA:21,2,1,4
BRDA:21,3,0,5
BRDA:21,3,1,5
BRDA:27,4,0,1
BRDA:27,4,1,3
BRDA:33,5,0,1
BRDA:33,5,1,2
BRDA:40,6,0,1
BRDA:40,6,1,1
BRDA:58,7,0,1
BRDA:58,7,1,1
BRDA:75,8,0,1
BRDA:75,8,1,1
BRDA:100,9,0,1
BRDA:100,9,1,3
BRDA:101,10,0,1
BRDA:101,10,1,2
BRDA:102,11,0,1
BRDA:102,11,1,1
BRDA:122,12,0,1
BRDA:122,12,1,0
BRDA:126,13,0,1
BRDA:126,13,1,0
BRDA:152,14,0,1
BRDA:152,14,1,4
BRDA:153,15,0,1
BRDA:153,15,1,3
BRDA:162,16,0,3
BRDA:162,16,1,3
BRDA:164,17,0,1
BRDA:164,17,1,2
BRDA:164,18,0,3
BRDA:164,18,1,2
BRDA:171,19,0,1
BRDA:171,19,1,1
BRDA:173,20,0,1
BRDA:173,20,1,0
BRDA:174,21,0,1
BRDA:174,21,1,1
BRF:44
BRH:41
end_of_record
TN:
SF:src/modules/mortality/mortality.controller.js
FN:5,(anonymous_0)
FN:11,(anonymous_1)
FNF:2
FNH:2
FNDA:1,(anonymous_0)
FNDA:3,(anonymous_1)
DA:1,1
DA:2,1
DA:3,1
DA:5,1
DA:6,1
DA:7,1
DA:8,1
DA:11,1
DA:12,3
DA:13,3
DA:14,3
DA:15,3
DA:17,3
DA:19,3
DA:21,3
DA:23,3
LF:16
LH:16
BRDA:12,0,0,3
BRDA:12,0,1,2
BRDA:13,1,0,3
BRDA:13,1,1,2
BRDA:14,2,0,1
BRDA:14,2,1,2
BRF:6
BRH:6
end_of_record
TN:
SF:src/modules/mortality/mortality.repository.js
FN:6,(anonymous_0)
FN:39,(anonymous_1)
FN:66,(anonymous_2)
FN:70,(anonymous_3)
FNF:4
FNH:4
FNDA:2,(anonymous_0)
FNDA:2,(anonymous_1)
FNDA:1,(anonymous_2)
FNDA:1,(anonymous_3)
DA:1,3
DA:2,3
DA:3,3
DA:7,2
DA:8,2
DA:10,2
DA:11,1
DA:13,2
DA:14,1
DA:17,2
DA:40,2
DA:41,2
DA:43,2
DA:44,0
DA:46,2
DA:47,0
DA:50,2
DA:51,1
DA:63,1
DA:67,1
DA:71,1
DA:75,3
LF:22
LH:20
BRDA:6,0,0,1
BRDA:6,1,0,1
BRDA:6,2,0,1
BRDA:6,3,0,2
BRDA:10,4,0,1
BRDA:10,4,1,1
BRDA:13,5,0,1
BRDA:13,5,1,1
BRDA:25,6,0,0
BRDA:25,6,1,2
BRDA:39,7,0,1
BRDA:39,8,0,1
BRDA:39,9,0,1
BRDA:43,10,0,0
BRDA:43,10,1,2
BRDA:46,11,0,0
BRDA:46,11,1,2
BRDA:50,12,0,1
BRDA:50,12,1,1
BRF:19
BRH:16
end_of_record
TN:
SF:src/modules/mortality/mortality.service.js
FN:7,(anonymous_0)
FN:54,(anonymous_1)
FN:68,(anonymous_2)
FN:98,(anonymous_3)
FN:114,(anonymous_4)
FNF:5
FNH:4
FNDA:8,(anonymous_0)
FNDA:2,(anonymous_1)
FNDA:0,(anonymous_2)
FNDA:1,(anonymous_3)
FNDA:2,(anonymous_4)
DA:1,2
DA:2,2
DA:3,2
DA:4,2
DA:8,8
DA:10,8
DA:12,8
DA:13,8
DA:15,8
DA:16,8
DA:17,7
DA:20,6
DA:21,6
DA:22,6
DA:24,6
DA:25,6
DA:27,6
DA:28,6
DA:30,6
DA:31,1
DA:33,5
DA:34,1
DA:37,4
DA:38,1
DA:42,3
DA:43,2
DA:45,1
DA:48,2
DA:49,2
DA:51,2
DA:55,2
DA:57,1
DA:58,1
DA:60,1
DA:64,1
DA:65,0
DA:68,0
DA:69,0
DA:71,0
DA:75,0
DA:76,0
DA:77,0
DA:78,0
DA:79,0
DA:80,0
DA:82,0
DA:85,1
DA:90,1
DA:91,1
DA:92,1
DA:95,1
DA:99,1
DA:100,1
DA:101,1
DA:102,1
DA:105,1
DA:110,1
DA:111,1
DA:115,2
DA:118,1
DA:121,1
DA:124,1
DA:126,1
DA:128,1
DA:130,1
DA:131,1
DA:133,1
DA:137,2
LF:68
LH:57
BRDA:13,0,0,0
BRDA:13,0,1,8
BRDA:16,1,0,1
BRDA:16,1,1,7
BRDA:17,2,0,1
BRDA:17,2,1,6
BRDA:21,3,0,6
BRDA:21,3,1,0
BRDA:30,4,0,1
BRDA:30,4,1,5
BRDA:33,5,0,1
BRDA:33,5,1,4
BRDA:37,6,0,1
BRDA:37,6,1,3
BRDA:37,7,0,4
BRDA:37,7,1,1
BRDA:37,7,2,0
BRDA:42,8,0,2
BRDA:42,8,1,1
BRDA:55,9,0,1
BRDA:55,9,1,1
BRDA:55,10,0,2
BRDA:55,10,1,1
BRDA:64,11,0,0
BRDA:64,11,1,1
BRDA:64,12,0,1
BRDA:64,12,1,1
BRDA:64,12,2,1
BRDA:86,13,0,0
BRDA:86,13,1,1
BRDA:90,14,0,1
BRDA:90,14,1,0
BRDA:90,15,0,1
BRDA:90,15,1,1
BRDA:101,16,0,1
BRDA:101,16,1,0
BRDA:106,17,0,1
BRDA:106,17,1,0
BRDA:114,18,0,1
BRDA:114,19,0,1
BRDA:114,20,0,1
BRDA:114,21,0,1
BRDA:115,22,0,1
BRDA:115,22,1,1
BRDA:121,23,0,0
BRDA:121,23,1,1
BRDA:124,24,0,0
BRDA:124,24,1,1
BRDA:128,25,0,0
BRDA:128,25,1,1
BRDA:133,26,0,0
BRDA:133,26,1,1
BRDA:133,27,0,0
BRDA:133,27,1,1
BRF:54
BRH:41
end_of_record
TN:
SF:src/modules/notification/notification.controller.js
FN:7,(anonymous_0)
FN:22,(anonymous_1)
FN:38,(anonymous_2)
FN:44,(anonymous_3)
FN:56,(anonymous_4)
FN:62,(anonymous_5)
FNF:6
FNH:6
FNDA:2,(anonymous_0)
FNDA:2,(anonymous_1)
FNDA:1,(anonymous_2)
FNDA:2,(anonymous_3)
FNDA:1,(anonymous_4)
FNDA:2,(anonymous_5)
DA:1,1
DA:2,1
DA:3,1
DA:7,1
DA:8,2
DA:9,2
DA:10,1
DA:13,1
DA:18,1
DA:22,1
DA:23,2
DA:25,2
DA:34,2
DA:38,1
DA:39,1
DA:40,1
DA:44,1
DA:45,2
DA:46,2
DA:48,2
DA:49,1
DA:52,1
DA:56,1
DA:57,1
DA:58,1
DA:62,1
DA:63,2
DA:64,2
DA:66,2
DA:67,1
DA:70,1
DA:74,1
LF:32
LH:32
BRDA:9,0,0,1
BRDA:9,0,1,1
BRDA:23,1,0,1
BRDA:23,2,0,1
BRDA:48,3,0,1
BRDA:48,3,1,1
BRDA:66,4,0,1
BRDA:66,4,1,1
BRF:8
BRH:8
end_of_record
TN:
SF:src/modules/notification/notification.repository.js
FN:4,(anonymous_0)
FN:8,(anonymous_1)
FN:12,(anonymous_2)
FN:28,(anonymous_3)
FN:32,(anonymous_4)
FN:40,(anonymous_5)
FN:47,(anonymous_6)
FN:55,(anonymous_7)
FNF:8
FNH:8
FNDA:5,(anonymous_0)
FNDA:1,(anonymous_1)
FNDA:2,(anonymous_2)
FNDA:5,(anonymous_3)
FNDA:2,(anonymous_4)
FNDA:1,(anonymous_5)
FNDA:2,(anonymous_6)
FNDA:1,(anonymous_7)
DA:1,5
DA:5,5
DA:9,1
DA:13,2
DA:15,2
DA:16,2
DA:17,1
DA:20,2
DA:29,5
DA:33,2
DA:34,2
DA:36,1
DA:37,1
DA:41,1
DA:48,2
DA:49,2
DA:51,1
DA:52,1
DA:56,1
DA:62,5
LF:20
LH:20
BRDA:12,0,0,1
BRDA:13,1,0,2
BRDA:13,2,0,2
BRDA:13,3,0,1
BRDA:16,4,0,1
BRDA:16,4,1,1
BRDA:34,5,0,1
BRDA:34,5,1,1
BRDA:49,6,0,1
BRDA:49,6,1,1
BRF:10
BRH:10
end_of_record
TN:
SF:src/modules/notification/notification.service.js
FN:10,(anonymous_0)
FN:15,(anonymous_1)
FN:38,(anonymous_2)
FN:66,(anonymous_3)
FN:88,(anonymous_4)
FN:93,(anonymous_5)
FN:140,(anonymous_6)
FN:162,(anonymous_7)
FN:167,(anonymous_8)
FN:171,(anonymous_9)
FN:190,(anonymous_10)
FN:229,(anonymous_11)
FN:240,(anonymous_12)
FN:272,(anonymous_13)
FN:281,(anonymous_14)
FN:289,(anonymous_15)
FN:295,(anonymous_16)
FN:300,(anonymous_17)
FN:304,(anonymous_18)
FN:312,(anonymous_19)
FN:325,(anonymous_20)
FN:336,(anonymous_21)
FN:352,(anonymous_22)
FN:365,(anonymous_23)
FN:374,(anonymous_24)
FN:385,(anonymous_25)
FN:389,(anonymous_26)
FN:389,(anonymous_27)
FN:399,(anonymous_28)
FN:401,(anonymous_29)
FNF:30
FNH:20
FNDA:3,(anonymous_0)
FNDA:3,(anonymous_1)
FNDA:0,(anonymous_2)
FNDA:0,(anonymous_3)
FNDA:3,(anonymous_4)
FNDA:3,(anonymous_5)
FNDA:0,(anonymous_6)
FNDA:4,(anonymous_7)
FNDA:4,(anonymous_8)
FNDA:1,(anonymous_9)
FNDA:1,(anonymous_10)
FNDA:2,(anonymous_11)
FNDA:2,(anonymous_12)
FNDA:1,(anonymous_13)
FNDA:1,(anonymous_14)
FNDA:2,(anonymous_15)
FNDA:1,(anonymous_16)
FNDA:1,(anonymous_17)
FNDA:6,(anonymous_18)
FNDA:1,(anonymous_19)
FNDA:0,(anonymous_20)
FNDA:2,(anonymous_21)
FNDA:0,(anonymous_22)
FNDA:1,(anonymous_23)
FNDA:1,(anonymous_24)
FNDA:0,(anonymous_25)
FNDA:0,(anonymous_26)
FNDA:0,(anonymous_27)
FNDA:0,(anonymous_28)
FNDA:0,(anonymous_29)
DA:1,4
DA:2,4
DA:3,4
DA:4,4
DA:5,4
DA:7,4
DA:11,3
DA:12,0
DA:15,3
DA:16,3
DA:17,3
DA:18,3
DA:19,3
DA:20,3
DA:22,3
DA:23,3
DA:24,3
DA:26,1
DA:38,1
DA:39,1
DA:42,1
DA:43,0
DA:44,0
DA:45,0
DA:46,0
DA:47,0
DA:48,0
DA:61,1
DA:62,0
DA:66,0
DA:67,0
DA:69,0
DA:70,0
DA:71,0
DA:72,0
DA:78,0
DA:80,3
DA:84,3
DA:85,3
DA:89,3
DA:90,0
DA:93,3
DA:94,3
DA:95,3
DA:96,3
DA:97,3
DA:98,3
DA:100,3
DA:101,3
DA:102,3
DA:104,0
DA:116,0
DA:119,0
DA:120,0
DA:121,0
DA:122,0
DA:123,0
DA:124,0
DA:135,0
DA:136,0
DA:140,0
DA:141,0
DA:143,0
DA:144,0
DA:145,0
DA:146,0
DA:152,0
DA:154,3
DA:158,3
DA:159,3
DA:163,4
DA:164,0
DA:167,4
DA:168,4
DA:169,4
DA:170,4
DA:171,4
DA:172,2
DA:174,1
DA:175,1
DA:177,1
DA:178,1
DA:180,2
DA:182,4
DA:186,4
DA:187,4
DA:191,1
DA:192,1
DA:194,1
DA:195,1
DA:200,1
DA:202,1
DA:203,1
DA:205,1
DA:206,1
DA:207,1
DA:208,1
DA:218,0
DA:219,0
DA:220,0
DA:221,0
DA:222,0
DA:230,2
DA:237,2
DA:241,2
DA:242,2
DA:244,2
DA:245,2
DA:247,1
DA:248,1
DA:250,1
DA:251,1
DA:253,1
DA:255,1
DA:256,1
DA:260,1
DA:268,0
DA:273,1
DA:274,1
DA:275,1
DA:276,1
DA:277,1
DA:278,1
DA:282,1
DA:283,1
DA:284,1
DA:285,1
DA:286,1
DA:290,2
DA:291,2
DA:292,1
DA:296,1
DA:297,1
DA:301,1
DA:305,6
DA:306,6
DA:307,6
DA:309,6
DA:311,6
DA:312,1
DA:315,6
DA:316,0
DA:317,0
DA:318,0
DA:319,0
DA:323,0
DA:324,0
DA:325,0
DA:326,0
DA:333,6
DA:337,2
DA:338,2
DA:339,2
DA:340,2
DA:341,0
DA:342,0
DA:343,0
DA:344,0
DA:346,0
DA:349,2
DA:353,0
DA:354,0
DA:355,0
DA:356,0
DA:357,0
DA:358,0
DA:359,0
DA:360,0
DA:361,0
DA:366,1
DA:367,1
DA:368,1
DA:370,1
DA:372,1
DA:373,1
DA:374,1
DA:376,1
DA:379,1
DA:380,0
DA:381,0
DA:384,0
DA:385,0
DA:387,0
DA:388,0
DA:389,0
DA:390,0
DA:393,0
DA:396,1
DA:400,0
DA:401,0
DA:406,4
LF:191
LH:118
BRDA:11,0,0,0
BRDA:11,0,1,3
BRDA:24,1,0,2
BRDA:24,1,1,1
BRDA:44,2,0,0
BRDA:44,2,1,0
BRDA:46,3,0,0
BRDA:46,3,1,0
BRDA:47,4,0,0
BRDA:47,4,1,0
BRDA:52,5,0,0
BRDA:52,5,1,0
BRDA:61,6,0,0
BRDA:61,6,1,1
BRDA:69,7,0,0
BRDA:69,7,1,0
BRDA:71,8,0,0
BRDA:71,8,1,0
BRDA:89,9,0,0
BRDA:89,9,1,3
BRDA:102,10,0,3
BRDA:102,10,1,0
BRDA:121,11,0,0
BRDA:121,11,1,0
BRDA:123,12,0,0
BRDA:123,12,1,0
BRDA:128,13,0,0
BRDA:128,13,1,0
BRDA:135,14,0,0
BRDA:135,14,1,0
BRDA:143,15,0,0
BRDA:143,15,1,0
BRDA:145,16,0,0
BRDA:145,16,1,0
BRDA:163,17,0,0
BRDA:163,17,1,4
BRDA:172,18,0,1
BRDA:172,18,1,1
BRDA:175,19,0,0
BRDA:175,19,1,1
BRDA:200,20,0,0
BRDA:200,20,1,1
BRDA:205,21,0,1
BRDA:205,21,1,0
BRDA:206,22,0,1
BRDA:206,22,1,0
BRDA:218,23,0,0
BRDA:218,23,1,0
BRDA:220,24,0,0
BRDA:220,24,1,0
BRDA:245,25,0,1
BRDA:245,25,1,1
BRDA:248,26,0,0
BRDA:248,26,1,1
BRDA:253,27,0,0
BRDA:253,27,1,1
BRDA:253,28,0,1
BRDA:253,28,1,1
BRDA:253,28,2,1
BRDA:253,28,3,1
BRDA:255,29,0,1
BRDA:255,29,1,0
BRDA:256,30,0,1
BRDA:256,30,1,0
BRDA:272,31,0,1
BRDA:291,32,0,1
BRDA:291,32,1,1
BRDA:311,33,0,1
BRDA:311,33,1,5
BRDA:316,34,0,0
BRDA:316,34,1,0
BRDA:318,35,0,0
BRDA:318,35,1,0
BRDA:323,36,0,0
BRDA:323,36,1,0
BRDA:341,37,0,0
BRDA:341,37,1,0
BRDA:343,38,0,0
BRDA:343,38,1,0
BRDA:353,39,0,0
BRDA:353,39,1,0
BRDA:353,40,0,0
BRDA:353,40,1,0
BRDA:356,41,0,0
BRDA:356,41,1,0
BRDA:356,42,0,0
BRDA:356,42,1,0
BRDA:356,42,2,0
BRDA:359,43,0,0
BRDA:359,43,1,0
BRDA:359,44,0,0
BRDA:359,44,1,0
BRDA:359,44,2,0
BRDA:372,45,0,1
BRDA:372,45,1,0
BRDA:380,46,0,0
BRDA:380,46,1,0
BRDA:385,47,0,0
BRDA:385,47,1,0
BRDA:387,48,0,0
BRDA:387,48,1,0
BRDA:401,49,0,0
BRDA:401,49,1,0
BRF:103
BRH:29
end_of_record
TN:
SF:src/modules/rabbit/rabbit.controller.js
FN:5,(anonymous_0)
FN:10,(anonymous_1)
FN:15,(anonymous_2)
FN:32,(anonymous_3)
FN:37,(anonymous_4)
FN:42,(anonymous_5)
FN:47,(anonymous_6)
FN:52,(anonymous_7)
FN:57,(anonymous_8)
FN:62,(anonymous_9)
FNF:10
FNH:10
FNDA:1,(anonymous_0)
FNDA:1,(anonymous_1)
FNDA:2,(anonymous_2)
FNDA:1,(anonymous_3)
FNDA:1,(anonymous_4)
FNDA:1,(anonymous_5)
FNDA:1,(anonymous_6)
FNDA:1,(anonymous_7)
FNDA:1,(anonymous_8)
FNDA:1,(anonymous_9)
DA:1,1
DA:2,1
DA:3,1
DA:5,1
DA:6,1
DA:7,1
DA:10,1
DA:11,1
DA:12,1
DA:15,1
DA:16,2
DA:17,2
DA:18,2
DA:24,2
DA:25,2
DA:32,1
DA:33,1
DA:34,1
DA:37,1
DA:38,1
DA:39,1
DA:42,1
DA:43,1
DA:44,1
DA:47,1
DA:48,1
DA:49,1
DA:52,1
DA:53,1
DA:54,1
DA:57,1
DA:58,1
DA:59,1
DA:62,1
DA:63,1
DA:64,1
LF:36
LH:36
BRDA:16,0,0,2
BRDA:16,0,1,1
BRDA:17,1,0,2
BRDA:17,1,1,1
BRF:4
BRH:4
end_of_record
TN:
SF:src/modules/rabbit/rabbit.repository.js
FN:5,(anonymous_0)
FN:9,(anonymous_1)
FN:13,(anonymous_2)
FN:17,(anonymous_3)
FN:25,(anonymous_4)
FN:30,(anonymous_5)
FN:34,(anonymous_6)
FN:44,(anonymous_7)
FN:48,(anonymous_8)
FN:52,(anonymous_9)
FN:56,(anonymous_10)
FNF:11
FNH:11
FNDA:1,(anonymous_0)
FNDA:1,(anonymous_1)
FNDA:1,(anonymous_2)
FNDA:1,(anonymous_3)
FNDA:1,(anonymous_4)
FNDA:1,(anonymous_5)
FNDA:1,(anonymous_6)
FNDA:1,(anonymous_7)
FNDA:1,(anonymous_8)
FNDA:1,(anonymous_9)
FNDA:1,(anonymous_10)
DA:1,5
DA:2,5
DA:6,1
DA:10,1
DA:14,1
DA:18,1
DA:19,1
DA:26,1
DA:27,1
DA:31,1
DA:35,1
DA:45,1
DA:49,1
DA:53,1
DA:57,1
DA:61,5
LF:16
LH:16
BRDA:17,0,0,0
BRDA:18,1,0,0
BRDA:25,2,0,1
BRDA:26,3,0,1
BRF:4
BRH:2
end_of_record
TN:
SF:src/modules/rabbit/rabbit.service.js
FN:11,(anonymous_0)
FN:18,(anonymous_1)
FN:31,(anonymous_2)
FN:35,(anonymous_3)
FN:39,(anonymous_4)
FN:64,(anonymous_5)
FN:74,(anonymous_6)
FN:110,(anonymous_7)
FN:120,(anonymous_8)
FN:154,(anonymous_9)
FN:165,(anonymous_10)
FN:174,(anonymous_11)
FN:226,(anonymous_12)
FN:241,(anonymous_13)
FN:245,(anonymous_14)
FN:252,(anonymous_15)
FN:261,(anonymous_16)
FN:270,(anonymous_17)
FNF:18
FNH:13
FNDA:3,(anonymous_0)
FNDA:1,(anonymous_1)
FNDA:0,(anonymous_2)
FNDA:4,(anonymous_3)
FNDA:0,(anonymous_4)
FNDA:3,(anonymous_5)
FNDA:3,(anonymous_6)
FNDA:2,(anonymous_7)
FNDA:2,(anonymous_8)
FNDA:1,(anonymous_9)
FNDA:0,(anonymous_10)
FNDA:2,(anonymous_11)
FNDA:2,(anonymous_12)
FNDA:0,(anonymous_13)
FNDA:3,(anonymous_14)
FNDA:1,(anonymous_15)
FNDA:0,(anonymous_16)
FNDA:10,(anonymous_17)
DA:1,2
DA:2,2
DA:3,2
DA:4,2
DA:5,2
DA:6,2
DA:7,2
DA:8,2
DA:13,3
DA:18,3
DA:19,1
DA:20,3
DA:21,1
DA:24,3
DA:25,3
DA:27,1
DA:30,2
DA:31,2
DA:33,2
DA:34,2
DA:35,4
DA:36,2
DA:37,2
DA:38,2
DA:39,0
DA:40,0
DA:43,0
DA:44,0
DA:45,0
DA:46,0
DA:47,0
DA:53,3
DA:54,3
DA:55,3
DA:56,3
DA:57,3
DA:58,3
DA:59,3
DA:61,3
DA:65,3
DA:66,3
DA:68,3
DA:69,3
DA:70,3
DA:71,3
DA:75,3
DA:78,3
DA:80,2
DA:81,2
DA:83,1
DA:85,1
DA:87,1
DA:101,1
DA:107,1
DA:111,2
DA:112,2
DA:115,1
DA:117,1
DA:121,2
DA:124,1
DA:126,1
DA:127,1
DA:129,1
DA:131,1
DA:132,0
DA:138,1
DA:139,1
DA:140,1
DA:142,1
DA:149,1
DA:151,1
DA:152,1
DA:154,1
DA:155,1
DA:156,1
DA:157,1
DA:160,1
DA:162,1
DA:166,0
DA:168,0
DA:169,0
DA:171,0
DA:175,2
DA:176,2
DA:179,2
DA:182,2
DA:183,0
DA:186,2
DA:187,2
DA:189,2
DA:191,2
DA:193,2
DA:198,2
DA:200,1
DA:201,1
DA:202,1
DA:204,1
DA:207,0
DA:215,1
DA:223,2
DA:227,2
DA:228,2
DA:231,2
DA:233,2
DA:234,2
DA:235,1
DA:238,1
DA:242,0
DA:246,3
DA:247,1
DA:249,3
DA:253,1
DA:256,1
DA:258,1
DA:262,0
DA:265,0
DA:267,0
DA:271,10
DA:274,10
DA:278,2
LF:120
LH:102
BRDA:20,0,0,4
BRDA:20,0,1,4
BRDA:20,0,2,4
BRDA:25,1,0,1
BRDA:25,1,1,2
BRDA:25,2,0,3
BRDA:25,2,1,3
BRDA:34,3,0,2
BRDA:34,3,1,0
BRDA:38,4,0,2
BRDA:38,4,1,0
BRDA:45,5,0,0
BRDA:45,5,1,0
BRDA:81,6,0,1
BRDA:81,6,1,1
BRDA:96,7,0,1
BRDA:96,7,1,1
BRDA:112,8,0,1
BRDA:112,8,1,1
BRDA:120,9,0,1
BRDA:120,10,0,1
BRDA:120,11,0,1
BRDA:121,12,0,1
BRDA:121,12,1,1
BRDA:131,13,0,0
BRDA:131,13,1,1
BRDA:138,14,0,0
BRDA:138,14,1,1
BRDA:139,15,0,0
BRDA:139,15,1,1
BRDA:140,16,0,0
BRDA:140,16,1,1
BRDA:166,17,0,0
BRDA:166,17,1,0
BRDA:176,18,0,0
BRDA:176,18,1,2
BRDA:182,19,0,0
BRDA:182,19,1,2
BRDA:187,20,0,2
BRDA:187,20,1,0
BRDA:191,21,0,2
BRDA:191,21,1,0
BRDA:198,22,0,1
BRDA:198,22,1,1
BRDA:202,23,0,1
BRDA:202,23,1,0
BRDA:202,24,0,1
BRDA:202,24,1,1
BRDA:228,25,0,0
BRDA:228,25,1,2
BRDA:234,26,0,1
BRDA:234,26,1,1
BRDA:246,27,0,1
BRDA:246,27,1,2
BRDA:253,28,0,0
BRDA:253,28,1,1
BRDA:262,29,0,0
BRDA:262,29,1,0
BRDA:274,30,0,1
BRDA:274,30,1,9
BRF:60
BRH:41
end_of_record
TN:
SF:src/modules/race/race.controller.js
FN:5,(anonymous_0)
FN:10,(anonymous_1)
FN:15,(anonymous_2)
FN:27,(anonymous_3)
FN:32,(anonymous_4)
FN:37,(anonymous_5)
FNF:6
FNH:6
FNDA:1,(anonymous_0)
FNDA:1,(anonymous_1)
FNDA:2,(anonymous_2)
FNDA:1,(anonymous_3)
FNDA:1,(anonymous_4)
FNDA:1,(anonymous_5)
DA:1,1
DA:2,1
DA:3,1
DA:5,1
DA:6,1
DA:7,1
DA:10,1
DA:11,1
DA:12,1
DA:15,1
DA:16,2
DA:17,2
DA:18,2
DA:22,2
DA:24,2
DA:25,2
DA:27,1
DA:32,1
DA:33,1
DA:34,1
DA:37,1
DA:38,1
DA:39,1
LF:23
LH:23
BRDA:16,0,0,2
BRDA:16,0,1,1
BRDA:17,1,0,2
BRDA:17,1,1,1
BRDA:22,2,0,1
BRDA:22,2,1,1
BRF:6
BRH:6
end_of_record
TN:
SF:src/modules/race/race.repository.js
FN:4,(anonymous_0)
FN:8,(anonymous_1)
FN:12,(anonymous_2)
FN:16,(anonymous_3)
FN:24,(anonymous_4)
FN:29,(anonymous_5)
FN:33,(anonymous_6)
FN:37,(anonymous_7)
FN:41,(anonymous_8)
FN:45,(anonymous_9)
FN:49,(anonymous_10)
FNF:11
FNH:11
FNDA:1,(anonymous_0)
FNDA:1,(anonymous_1)
FNDA:1,(anonymous_2)
FNDA:1,(anonymous_3)
FNDA:1,(anonymous_4)
FNDA:1,(anonymous_5)
FNDA:1,(anonymous_6)
FNDA:1,(anonymous_7)
FNDA:1,(anonymous_8)
FNDA:1,(anonymous_9)
FNDA:1,(anonymous_10)
DA:1,5
DA:5,1
DA:9,1
DA:13,1
DA:17,1
DA:18,1
DA:25,1
DA:26,1
DA:30,1
DA:34,1
DA:38,1
DA:42,1
DA:46,1
DA:50,1
DA:54,5
LF:15
LH:15
BRDA:16,0,0,1
BRDA:17,1,0,1
BRDA:24,2,0,1
BRDA:25,3,0,1
BRF:4
BRH:4
end_of_record
TN:
SF:src/modules/race/race.service.js
FN:7,(anonymous_0)
FN:18,(anonymous_1)
FN:24,(anonymous_2)
FN:49,(anonymous_3)
FN:55,(anonymous_4)
FNF:5
FNH:5
FNDA:2,(anonymous_0)
FNDA:2,(anonymous_1)
FNDA:2,(anonymous_2)
FNDA:2,(anonymous_3)
FNDA:3,(anonymous_4)
DA:1,2
DA:2,2
DA:3,2
DA:4,2
DA:8,2
DA:9,2
DA:10,1
DA:19,2
DA:20,2
DA:21,1
DA:25,2
DA:27,1
DA:29,1
DA:30,1
DA:32,1
DA:33,0
DA:36,1
DA:43,1
DA:44,1
DA:46,1
DA:50,2
DA:51,2
DA:52,1
DA:56,3
DA:57,3
DA:59,2
DA:60,2
DA:61,1
DA:64,1
DA:68,2
LF:30
LH:29
BRDA:9,0,0,1
BRDA:9,0,1,1
BRDA:13,1,0,1
BRDA:13,1,1,1
BRDA:20,2,0,1
BRDA:20,2,1,1
BRDA:24,3,0,1
BRDA:24,4,0,1
BRDA:24,5,0,1
BRDA:25,6,0,1
BRDA:25,6,1,1
BRDA:32,7,0,0
BRDA:32,7,1,1
BRDA:51,8,0,1
BRDA:51,8,1,1
BRDA:57,9,0,1
BRDA:57,9,1,2
BRDA:60,10,0,1
BRDA:60,10,1,1
BRF:19
BRH:18
end_of_record
TN:
SF:src/modules/reproduction/reproduction.controller.js
FN:7,(anonymous_0)
FN:13,(anonymous_1)
FN:18,(anonymous_2)
FN:23,(anonymous_3)
FN:28,(anonymous_4)
FN:33,(anonymous_5)
FN:40,(anonymous_6)
FN:63,(anonymous_7)
FN:87,(anonymous_8)
FN:106,(anonymous_9)
FN:129,(anonymous_10)
FN:148,(anonymous_11)
FN:153,(anonymous_12)
FN:159,getWorkerCageIds
FN:175,(anonymous_14)
FN:178,(anonymous_15)
FN:188,(anonymous_16)
FN:190,(anonymous_17)
FN:228,(anonymous_18)
FN:243,(anonymous_19)
FN:255,(anonymous_20)
FN:260,(anonymous_21)
FN:265,(anonymous_22)
FNF:23
FNH:20
FNDA:1,(anonymous_0)
FNDA:1,(anonymous_1)
FNDA:1,(anonymous_2)
FNDA:1,(anonymous_3)
FNDA:1,(anonymous_4)
FNDA:1,(anonymous_5)
FNDA:2,(anonymous_6)
FNDA:1,(anonymous_7)
FNDA:1,(anonymous_8)
FNDA:1,(anonymous_9)
FNDA:1,(anonymous_10)
FNDA:1,(anonymous_11)
FNDA:1,(anonymous_12)
FNDA:2,getWorkerCageIds
FNDA:0,(anonymous_14)
FNDA:1,(anonymous_15)
FNDA:0,(anonymous_16)
FNDA:0,(anonymous_17)
FNDA:1,(anonymous_18)
FNDA:2,(anonymous_19)
FNDA:1,(anonymous_20)
FNDA:1,(anonymous_21)
FNDA:1,(anonymous_22)
DA:1,1
DA:2,1
DA:3,1
DA:4,1
DA:5,1
DA:7,1
DA:8,1
DA:9,1
DA:10,1
DA:13,1
DA:14,1
DA:15,1
DA:18,1
DA:19,1
DA:20,1
DA:23,1
DA:24,1
DA:25,1
DA:28,1
DA:29,1
DA:30,1
DA:33,1
DA:34,1
DA:35,1
DA:40,1
DA:41,2
DA:42,2
DA:43,2
DA:45,2
DA:47,2
DA:48,2
DA:50,2
DA:52,2
DA:58,0
DA:59,0
DA:63,1
DA:64,1
DA:66,1
DA:67,1
DA:87,1
DA:99,1
DA:101,0
DA:102,0
DA:106,1
DA:107,1
DA:109,1
DA:110,1
DA:129,1
DA:141,1
DA:143,0
DA:144,0
DA:148,1
DA:149,1
DA:150,1
DA:153,1
DA:154,1
DA:155,1
DA:160,2
DA:162,2
DA:163,2
DA:165,0
DA:168,0
DA:170,0
DA:175,0
DA:178,1
DA:179,1
DA:180,1
DA:181,1
DA:182,1
DA:184,1
DA:186,1
DA:188,1
DA:190,1
DA:191,0
DA:192,0
DA:193,0
DA:194,0
DA:200,1
DA:201,1
DA:203,0
DA:204,0
DA:205,0
DA:206,0
DA:208,0
DA:210,0
DA:212,0
DA:214,0
DA:215,0
DA:216,0
DA:219,0
DA:221,0
DA:222,0
DA:225,1
DA:228,1
DA:229,1
DA:230,1
DA:231,1
DA:232,1
DA:234,1
DA:236,1
DA:238,1
DA:240,1
DA:243,1
DA:244,2
DA:246,2
DA:247,1
DA:250,1
DA:252,1
DA:255,1
DA:256,1
DA:257,1
DA:260,1
DA:261,1
DA:262,1
DA:265,1
DA:266,1
DA:267,1
LF:117
LH:90
BRDA:41,0,0,2
BRDA:41,0,1,1
BRDA:42,1,0,2
BRDA:42,1,1,1
BRDA:163,2,0,2
BRDA:163,2,1,0
BRDA:163,3,0,2
BRDA:163,3,1,2
BRDA:168,4,0,0
BRDA:168,4,1,0
BRDA:175,5,0,0
BRDA:175,5,1,0
BRDA:180,6,0,1
BRDA:180,6,1,0
BRDA:181,7,0,1
BRDA:181,7,1,0
BRDA:182,8,0,1
BRDA:182,8,1,0
BRDA:191,9,0,0
BRDA:191,9,1,0
BRDA:192,10,0,0
BRDA:192,10,1,0
BRDA:193,11,0,0
BRDA:193,11,1,0
BRDA:203,12,0,0
BRDA:203,12,1,0
BRDA:205,13,0,0
BRDA:205,13,1,0
BRDA:212,14,0,0
BRDA:212,14,1,0
BRDA:215,15,0,0
BRDA:215,15,1,0
BRDA:216,16,0,0
BRDA:216,16,1,0
BRDA:219,17,0,0
BRDA:219,17,1,0
BRDA:221,18,0,0
BRDA:221,18,1,0
BRDA:230,19,0,1
BRDA:230,19,1,0
BRDA:231,20,0,1
BRDA:231,20,1,0
BRDA:232,21,0,1
BRDA:232,21,1,0
BRDA:246,22,0,1
BRDA:246,22,1,1
BRF:46
BRH:15
end_of_record
TN:
SF:src/modules/reproduction/reproduction.repository.js
FN:6,(anonymous_0)
FN:10,(anonymous_1)
FN:15,(anonymous_2)
FN:18,(anonymous_3)
FN:31,(anonymous_4)
FN:99,(anonymous_5)
FN:135,(anonymous_6)
FN:139,(anonymous_7)
FN:143,(anonymous_8)
FN:199,(anonymous_9)
FN:202,(anonymous_10)
FN:255,(anonymous_11)
FN:258,(anonymous_12)
FN:293,(anonymous_13)
FN:297,(anonymous_14)
FN:301,(anonymous_15)
FNF:16
FNH:13
FNDA:0,(anonymous_0)
FNDA:1,(anonymous_1)
FNDA:3,(anonymous_2)
FNDA:1,(anonymous_3)
FNDA:3,(anonymous_4)
FNDA:1,(anonymous_5)
FNDA:1,(anonymous_6)
FNDA:1,(anonymous_7)
FNDA:1,(anonymous_8)
FNDA:3,(anonymous_9)
FNDA:1,(anonymous_10)
FNDA:2,(anonymous_11)
FNDA:1,(anonymous_12)
FNDA:1,(anonymous_13)
FNDA:0,(anonymous_14)
FNDA:0,(anonymous_15)
DA:1,3
DA:2,3
DA:3,3
DA:7,0
DA:11,1
DA:15,3
DA:19,1
DA:20,1
DA:32,3
DA:33,3
DA:34,3
DA:35,1
DA:38,3
DA:60,3
DA:61,1
DA:63,1
DA:70,2
DA:71,0
DA:72,0
DA:75,3
DA:100,1
DA:101,1
DA:102,1
DA:103,0
DA:106,1
DA:108,1
DA:109,0
DA:110,0
DA:122,1
DA:123,0
DA:132,1
DA:136,1
DA:140,1
DA:144,1
DA:145,1
DA:147,1
DA:154,1
DA:185,1
DA:186,0
DA:189,0
DA:192,1
DA:199,3
DA:203,1
DA:205,1
DA:210,1
DA:242,1
DA:243,0
DA:246,0
DA:249,1
DA:255,2
DA:259,1
DA:294,1
DA:298,0
DA:302,0
DA:306,3
LF:55
LH:42
BRDA:31,0,0,0
BRDA:31,1,0,3
BRDA:34,2,0,1
BRDA:34,2,1,2
BRDA:35,3,0,0
BRDA:35,3,1,1
BRDA:60,4,0,1
BRDA:60,4,1,2
BRDA:70,5,0,0
BRDA:70,5,1,2
BRDA:99,6,0,1
BRDA:99,7,0,1
BRDA:102,8,0,0
BRDA:102,8,1,1
BRDA:103,9,0,0
BRDA:103,9,1,0
BRDA:108,10,0,0
BRDA:108,10,1,1
BRDA:122,11,0,0
BRDA:122,11,1,1
BRDA:143,12,0,1
BRDA:185,13,0,0
BRDA:185,13,1,1
BRDA:202,14,0,1
BRDA:242,15,0,0
BRDA:242,15,1,1
BRF:26
BRH:16
end_of_record
TN:
SF:src/modules/reproduction/reproduction.service.js
FN:7,(anonymous_0)
FN:17,(anonymous_1)
FN:21,(anonymous_2)
FN:51,(anonymous_3)
FN:78,(anonymous_4)
FN:82,(anonymous_5)
FN:109,(anonymous_6)
FN:152,(anonymous_7)
FN:166,(anonymous_8)
FN:172,(anonymous_9)
FN:174,(anonymous_10)
FN:174,(anonymous_11)
FN:197,(anonymous_12)
FN:200,(anonymous_13)
FN:200,(anonymous_14)
FN:201,(anonymous_15)
FN:219,(anonymous_16)
FN:219,(anonymous_17)
FN:221,(anonymous_18)
FN:222,(anonymous_19)
FN:222,(anonymous_20)
FN:248,(anonymous_21)
FN:255,(anonymous_22)
FN:259,(anonymous_23)
FN:275,(anonymous_24)
FN:285,(anonymous_25)
FN:291,(anonymous_26)
FN:291,(anonymous_27)
FN:292,(anonymous_28)
FN:309,(anonymous_29)
FN:329,(anonymous_30)
FN:345,(anonymous_31)
FN:346,(anonymous_32)
FN:368,(anonymous_33)
FN:382,(anonymous_34)
FN:420,(anonymous_35)
FN:442,(anonymous_36)
FN:451,(anonymous_37)
FNF:38
FNH:15
FNDA:4,(anonymous_0)
FNDA:1,(anonymous_1)
FNDA:2,(anonymous_2)
FNDA:3,(anonymous_3)
FNDA:0,(anonymous_4)
FNDA:2,(anonymous_5)
FNDA:1,(anonymous_6)
FNDA:2,(anonymous_7)
FNDA:2,(anonymous_8)
FNDA:0,(anonymous_9)
FNDA:0,(anonymous_10)
FNDA:0,(anonymous_11)
FNDA:0,(anonymous_12)
FNDA:0,(anonymous_13)
FNDA:0,(anonymous_14)
FNDA:0,(anonymous_15)
FNDA:0,(anonymous_16)
FNDA:0,(anonymous_17)
FNDA:0,(anonymous_18)
FNDA:0,(anonymous_19)
FNDA:0,(anonymous_20)
FNDA:1,(anonymous_21)
FNDA:0,(anonymous_22)
FNDA:0,(anonymous_23)
FNDA:0,(anonymous_24)
FNDA:0,(anonymous_25)
FNDA:0,(anonymous_26)
FNDA:0,(anonymous_27)
FNDA:0,(anonymous_28)
FNDA:0,(anonymous_29)
FNDA:2,(anonymous_30)
FNDA:1,(anonymous_31)
FNDA:0,(anonymous_32)
FNDA:2,(anonymous_33)
FNDA:1,(anonymous_34)
FNDA:2,(anonymous_35)
FNDA:0,(anonymous_36)
FNDA:2,(anonymous_37)
DA:1,2
DA:2,2
DA:3,2
DA:4,2
DA:9,4
DA:10,4
DA:11,4
DA:12,4
DA:13,4
DA:14,4
DA:18,1
DA:22,2
DA:23,2
DA:25,2
DA:26,2
DA:28,2
DA:29,2
DA:30,2
DA:32,2
DA:33,2
DA:34,1
DA:35,1
DA:36,1
DA:39,1
DA:40,1
DA:42,1
DA:44,1
DA:45,1
DA:47,1
DA:48,1
DA:52,3
DA:54,3
DA:55,3
DA:57,2
DA:58,2
DA:60,1
DA:63,1
DA:64,1
DA:65,1
DA:67,1
DA:75,1
DA:79,0
DA:83,2
DA:86,1
DA:87,1
DA:89,1
DA:91,1
DA:92,0
DA:95,0
DA:98,1
DA:100,1
DA:101,1
DA:103,1
DA:104,1
DA:106,1
DA:110,1
DA:111,1
DA:112,1
DA:114,1
DA:115,0
DA:118,1
DA:119,1
DA:120,0
DA:123,1
DA:125,1
DA:126,1
DA:127,1
DA:128,1
DA:130,1
DA:131,1
DA:132,1
DA:133,1
DA:136,1
DA:137,0
DA:138,1
DA:139,1
DA:140,0
DA:141,0
DA:143,0
DA:146,1
DA:147,1
DA:153,2
DA:154,2
DA:156,1
DA:157,1
DA:160,1
DA:161,1
DA:163,1
DA:167,2
DA:168,2
DA:169,1
DA:173,0
DA:174,0
DA:176,0
DA:177,0
DA:178,0
DA:179,0
DA:180,0
DA:182,0
DA:183,0
DA:184,0
DA:186,0
DA:187,0
DA:188,0
DA:189,0
DA:190,0
DA:194,0
DA:198,0
DA:199,0
DA:200,0
DA:201,0
DA:203,0
DA:208,0
DA:209,0
DA:210,0
DA:213,0
DA:218,0
DA:219,0
DA:221,0
DA:222,0
DA:224,0
DA:225,0
DA:226,0
DA:227,0
DA:228,0
DA:229,0
DA:230,0
DA:232,0
DA:233,0
DA:234,0
DA:235,0
DA:236,0
DA:237,0
DA:244,0
DA:249,1
DA:250,0
DA:251,0
DA:252,0
DA:256,0
DA:261,0
DA:275,0
DA:276,0
DA:277,0
DA:278,0
DA:279,0
DA:281,0
DA:286,0
DA:287,0
DA:288,0
DA:290,0
DA:291,0
DA:292,0
DA:294,0
DA:309,0
DA:311,0
DA:312,0
DA:313,0
DA:316,0
DA:317,0
DA:320,0
DA:321,0
DA:322,0
DA:323,0
DA:325,0
DA:330,2
DA:331,2
DA:332,2
DA:334,2
DA:335,2
DA:336,1
DA:338,1
DA:339,1
DA:340,1
DA:341,1
DA:342,1
DA:345,1
DA:346,1
DA:348,1
DA:349,0
DA:352,1
DA:354,1
DA:355,1
DA:357,1
DA:369,2
DA:370,2
DA:371,2
DA:372,2
DA:374,1
DA:376,1
DA:377,1
DA:379,1
DA:383,1
DA:384,1
DA:385,1
DA:386,1
DA:388,1
DA:389,1
DA:391,1
DA:392,0
DA:395,1
DA:396,1
DA:397,1
DA:398,1
DA:399,1
DA:401,1
DA:408,1
DA:409,1
DA:412,1
DA:414,1
DA:415,1
DA:417,1
DA:421,2
DA:422,2
DA:423,2
DA:424,2
DA:426,2
DA:428,2
DA:429,1
DA:430,1
DA:432,1
DA:433,1
DA:443,0
DA:444,0
DA:445,0
DA:446,0
DA:448,0
DA:452,2
DA:453,2
DA:454,1
DA:458,2
LF:230
LH:142
BRDA:18,0,0,1
BRDA:18,0,1,0
BRDA:22,1,0,0
BRDA:22,1,1,2
BRDA:23,2,0,0
BRDA:23,2,1,2
BRDA:26,3,0,0
BRDA:26,3,1,2
BRDA:29,4,0,0
BRDA:29,4,1,2
BRDA:30,5,0,0
BRDA:30,5,1,2
BRDA:33,6,0,1
BRDA:33,6,1,1
BRDA:35,7,0,1
BRDA:35,7,1,0
BRDA:35,8,0,1
BRDA:35,8,1,1
BRDA:42,9,0,0
BRDA:42,9,1,1
BRDA:45,10,0,0
BRDA:45,10,1,1
BRDA:48,11,0,0
BRDA:48,11,1,1
BRDA:55,12,0,1
BRDA:55,12,1,2
BRDA:69,13,0,1
BRDA:69,13,1,0
BRDA:82,14,0,1
BRDA:82,15,0,1
BRDA:82,16,0,1
BRDA:83,17,0,1
BRDA:83,17,1,1
BRDA:89,18,0,1
BRDA:89,18,1,1
BRDA:91,19,0,0
BRDA:91,19,1,1
BRDA:95,20,0,0
BRDA:95,20,1,0
BRDA:100,21,0,0
BRDA:100,21,1,1
BRDA:101,22,0,0
BRDA:101,22,1,1
BRDA:106,23,0,0
BRDA:106,23,1,1
BRDA:106,24,0,0
BRDA:106,24,1,1
BRDA:114,25,0,0
BRDA:114,25,1,1
BRDA:119,26,0,0
BRDA:119,26,1,1
BRDA:119,27,0,1
BRDA:119,27,1,1
BRDA:127,28,0,1
BRDA:127,28,1,0
BRDA:127,29,0,1
BRDA:127,29,1,1
BRDA:127,30,0,1
BRDA:127,30,1,1
BRDA:130,31,0,1
BRDA:130,31,1,0
BRDA:136,32,0,0
BRDA:136,32,1,1
BRDA:136,33,0,1
BRDA:136,33,1,0
BRDA:138,34,0,1
BRDA:138,34,1,0
BRDA:140,35,0,0
BRDA:140,35,1,0
BRDA:146,36,0,1
BRDA:146,36,1,0
BRDA:154,37,0,1
BRDA:154,37,1,1
BRDA:156,38,0,1
BRDA:156,38,1,0
BRDA:160,39,0,1
BRDA:160,39,1,0
BRDA:168,40,0,1
BRDA:168,40,1,1
BRDA:174,41,0,0
BRDA:174,41,1,0
BRDA:178,42,0,0
BRDA:178,42,1,0
BRDA:186,43,0,0
BRDA:186,43,1,0
BRDA:186,44,0,0
BRDA:186,44,1,0
BRDA:188,45,0,0
BRDA:188,45,1,0
BRDA:188,46,0,0
BRDA:188,46,1,0
BRDA:188,46,2,0
BRDA:200,47,0,0
BRDA:200,47,1,0
BRDA:208,48,0,0
BRDA:208,48,1,0
BRDA:214,49,0,0
BRDA:214,49,1,0
BRDA:219,50,0,0
BRDA:219,50,1,0
BRDA:224,51,0,0
BRDA:224,51,1,0
BRDA:226,52,0,0
BRDA:226,52,1,0
BRDA:227,53,0,0
BRDA:227,53,1,0
BRDA:232,54,0,0
BRDA:232,54,1,0
BRDA:236,55,0,0
BRDA:236,55,1,0
BRDA:236,56,0,0
BRDA:236,56,1,0
BRDA:239,57,0,0
BRDA:239,57,1,0
BRDA:240,58,0,0
BRDA:240,58,1,0
BRDA:248,59,0,0
BRDA:248,60,0,1
BRDA:249,61,0,1
BRDA:249,61,1,0
BRDA:250,62,0,0
BRDA:250,62,1,0
BRDA:251,63,0,0
BRDA:251,63,1,0
BRDA:255,64,0,0
BRDA:276,65,0,0
BRDA:276,65,1,0
BRDA:277,66,0,0
BRDA:277,66,1,0
BRDA:288,67,0,0
BRDA:288,67,1,0
BRDA:291,68,0,0
BRDA:291,68,1,0
BRDA:298,69,0,0
BRDA:298,69,1,0
BRDA:311,70,0,0
BRDA:311,70,1,0
BRDA:312,71,0,0
BRDA:312,71,1,0
BRDA:313,72,0,0
BRDA:313,72,1,0
BRDA:317,73,0,0
BRDA:317,73,1,0
BRDA:317,74,0,0
BRDA:317,74,1,0
BRDA:320,75,0,0
BRDA:320,75,1,0
BRDA:320,76,0,0
BRDA:320,76,1,0
BRDA:321,77,0,0
BRDA:321,77,1,0
BRDA:334,78,0,0
BRDA:334,78,1,2
BRDA:334,79,0,2
BRDA:334,79,1,2
BRDA:335,80,0,1
BRDA:335,80,1,1
BRDA:335,81,0,2
BRDA:335,81,1,1
BRDA:336,82,0,0
BRDA:336,82,1,1
BRDA:346,83,0,0
BRDA:346,83,1,0
BRDA:346,83,2,0
BRDA:348,84,0,0
BRDA:348,84,1,1
BRDA:370,85,0,0
BRDA:370,85,1,2
BRDA:371,86,0,0
BRDA:371,86,1,2
BRDA:372,87,0,1
BRDA:372,87,1,1
BRDA:384,88,0,0
BRDA:384,88,1,1
BRDA:385,89,0,0
BRDA:385,89,1,1
BRDA:386,90,0,0
BRDA:386,90,1,1
BRDA:386,91,0,1
BRDA:386,91,1,0
BRDA:389,92,0,0
BRDA:389,92,1,1
BRDA:389,93,0,1
BRDA:389,93,1,1
BRDA:389,93,2,1
BRDA:391,94,0,0
BRDA:391,94,1,1
BRDA:391,95,0,1
BRDA:391,95,1,1
BRDA:391,95,2,1
BRDA:391,95,3,0
BRDA:391,95,4,0
BRDA:405,96,0,1
BRDA:405,96,1,0
BRDA:405,96,2,0
BRDA:408,97,0,1
BRDA:408,97,1,0
BRDA:408,98,0,1
BRDA:408,98,1,1
BRDA:422,99,0,0
BRDA:422,99,1,2
BRDA:423,100,0,0
BRDA:423,100,1,2
BRDA:424,101,0,0
BRDA:424,101,1,2
BRDA:428,102,0,1
BRDA:428,102,1,1
BRDA:432,103,0,0
BRDA:432,103,1,1
BRDA:444,104,0,0
BRDA:444,104,1,0
BRDA:445,105,0,0
BRDA:445,105,1,0
BRDA:446,106,0,0
BRDA:446,106,1,0
BRDA:453,107,0,1
BRDA:453,107,1,1
BRF:217
BRH:88
end_of_record
TN:
SF:src/modules/vaccination/vaccination.controller.js
FN:6,(anonymous_0)
FN:12,(anonymous_1)
FN:27,(anonymous_2)
FNF:3
FNH:3
FNDA:1,(anonymous_0)
FNDA:2,(anonymous_1)
FNDA:2,(anonymous_2)
DA:1,1
DA:2,1
DA:3,1
DA:4,1
DA:6,1
DA:7,1
DA:8,1
DA:9,1
DA:12,1
DA:13,2
DA:14,2
DA:15,2
DA:17,2
DA:19,2
DA:20,2
DA:27,1
DA:28,2
DA:29,2
DA:30,1
DA:32,1
LF:20
LH:20
BRDA:13,0,0,2
BRDA:13,0,1,1
BRDA:14,1,0,2
BRDA:14,1,1,1
BRDA:29,2,0,1
BRDA:29,2,1,1
BRDA:32,3,0,1
BRDA:32,3,1,0
BRF:8
BRH:7
end_of_record
TN:
SF:src/modules/vaccination/vaccination.repository.js
FN:6,(anonymous_0)
FN:18,(anonymous_1)
FN:32,(anonymous_2)
FN:36,(anonymous_3)
FN:51,(anonymous_4)
FN:55,(anonymous_5)
FNF:6
FNH:6
FNDA:1,(anonymous_0)
FNDA:2,(anonymous_1)
FNDA:1,(anonymous_2)
FNDA:2,(anonymous_3)
FNDA:1,(anonymous_4)
FNDA:1,(anonymous_5)
DA:1,3
DA:2,3
DA:3,3
DA:7,1
DA:8,1
DA:10,1
DA:19,2
DA:20,2
DA:22,2
DA:23,1
DA:29,1
DA:33,1
DA:37,2
DA:42,2
DA:43,2
DA:44,1
DA:48,1
DA:52,1
DA:56,1
DA:60,3
LF:20
LH:20
BRDA:6,0,0,1
BRDA:6,1,0,1
BRDA:18,2,0,1
BRDA:22,3,0,1
BRDA:22,3,1,1
BRDA:43,4,0,1
BRDA:43,4,1,1
BRDA:43,5,0,2
BRDA:43,5,1,2
BRF:9
BRH:9
end_of_record
TN:
SF:src/modules/vaccination/vaccination.service.js
FN:7,(anonymous_0)
FN:11,(anonymous_1)
FN:60,(anonymous_2)
FN:68,(anonymous_3)
FN:103,(anonymous_4)
FN:122,(anonymous_5)
FNF:6
FNH:6
FNDA:2,(anonymous_0)
FNDA:3,(anonymous_1)
FNDA:4,(anonymous_2)
FNDA:3,(anonymous_3)
FNDA:2,(anonymous_4)
FNDA:1,(anonymous_5)
DA:1,2
DA:2,2
DA:3,2
DA:4,2
DA:8,2
DA:12,3
DA:13,3
DA:14,0
DA:15,0
DA:17,3
DA:18,0
DA:19,0
DA:22,3
DA:23,3
DA:24,1
DA:25,1
DA:28,2
DA:29,2
DA:30,2
DA:31,1
DA:32,1
DA:35,1
DA:36,1
DA:37,1
DA:38,0
DA:39,0
DA:42,1
DA:43,1
DA:44,0
DA:45,0
DA:46,0
DA:48,0
DA:49,0
DA:50,0
DA:61,4
DA:63,4
DA:64,4
DA:66,3
DA:67,3
DA:68,3
DA:69,3
DA:72,3
DA:75,3
DA:76,3
DA:80,3
DA:81,2
DA:85,1
DA:86,1
DA:87,1
DA:94,1
DA:97,1
DA:98,1
DA:100,1
DA:104,2
DA:107,1
DA:110,1
DA:112,1
DA:114,1
DA:116,1
DA:117,1
DA:119,1
DA:123,1
DA:127,2
LF:63
LH:51
BRDA:8,0,0,2
BRDA:8,0,1,0
BRDA:13,1,0,0
BRDA:13,1,1,3
BRDA:17,2,0,0
BRDA:17,2,1,3
BRDA:23,3,0,1
BRDA:23,3,1,2
BRDA:30,4,0,1
BRDA:30,4,1,1
BRDA:37,5,0,0
BRDA:37,5,1,1
BRDA:43,6,0,0
BRDA:43,6,1,1
BRDA:48,7,0,0
BRDA:48,7,1,0
BRDA:64,8,0,1
BRDA:64,8,1,3
BRDA:66,9,0,3
BRDA:66,9,1,0
BRDA:80,10,0,2
BRDA:80,10,1,1
BRDA:103,11,0,1
BRDA:103,12,0,1
BRDA:103,13,0,1
BRDA:104,14,0,1
BRDA:104,14,1,1
BRDA:110,15,0,0
BRDA:110,15,1,1
BRDA:114,16,0,0
BRDA:114,16,1,1
BRDA:119,17,0,0
BRDA:119,17,1,1
BRDA:119,18,0,0
BRDA:119,18,1,1
BRF:35
BRH:23
end_of_record
